17:09:42,830 ERROR ExtracaoDAO:51 - Erro ao conectar com o Banco de Dados (ORACLE).
java.sql.SQLRecoverableException: Erro de ES: The Network Adapter could not establish the connection
	at oracle.jdbc.driver.T4CConnection.logon(T4CConnection.java:774)
	at oracle.jdbc.driver.PhysicalConnection.connect(PhysicalConnection.java:688)
	at oracle.jdbc.driver.T4CDriverExtension.getConnection(T4CDriverExtension.java:39)
	at oracle.jdbc.driver.OracleDriver.connect(OracleDriver.java:691)
	at java.sql.DriverManager.getConnection(DriverManager.java:664)
	at java.sql.DriverManager.getConnection(DriverManager.java:247)
	at br.com.martinello.bd.matriz.model.dao.Conexao.getConnection(Conexao.java:48)
	at br.com.martinello.bd.matriz.model.dao.UsuarioLoginDAO.UsuarioLogin(UsuarioLoginDAO.java:50)
	at br.com.martinello.bd.matriz.control.UsuarioController.login(UsuarioController.java:56)
	at br.com.martinello.sistema.view.TelaLogin.jlEntrarActionPerformed(TelaLogin.java:145)
	at br.com.martinello.sistema.view.TelaLogin.access$000(TelaLogin.java:26)
	at br.com.martinello.sistema.view.TelaLogin$1.actionPerformed(TelaLogin.java:74)
	at javax.swing.AbstractButton.fireActionPerformed(AbstractButton.java:2022)
	at javax.swing.AbstractButton$Handler.actionPerformed(AbstractButton.java:2348)
	at javax.swing.DefaultButtonModel.fireActionPerformed(DefaultButtonModel.java:402)
	at javax.swing.DefaultButtonModel.setPressed(DefaultButtonModel.java:259)
	at javax.swing.plaf.basic.BasicButtonListener.mouseReleased(BasicButtonListener.java:252)
	at com.jtattoo.plaf.BaseButtonListener.mouseReleased(BaseButtonListener.java:60)
	at java.awt.Component.processMouseEvent(Component.java:6539)
	at javax.swing.JComponent.processMouseEvent(JComponent.java:3324)
	at java.awt.Component.processEvent(Component.java:6304)
	at java.awt.Container.processEvent(Container.java:2239)
	at java.awt.Component.dispatchEventImpl(Component.java:4889)
	at java.awt.Container.dispatchEventImpl(Container.java:2297)
	at java.awt.Component.dispatchEvent(Component.java:4711)
	at java.awt.LightweightDispatcher.retargetMouseEvent(Container.java:4904)
	at java.awt.LightweightDispatcher.processMouseEvent(Container.java:4535)
	at java.awt.LightweightDispatcher.dispatchEvent(Container.java:4476)
	at java.awt.Container.dispatchEventImpl(Container.java:2283)
	at java.awt.Window.dispatchEventImpl(Window.java:2746)
	at java.awt.Component.dispatchEvent(Component.java:4711)
	at java.awt.EventQueue.dispatchEventImpl(EventQueue.java:760)
	at java.awt.EventQueue.access$500(EventQueue.java:97)
	at java.awt.EventQueue$3.run(EventQueue.java:709)
	at java.awt.EventQueue$3.run(EventQueue.java:703)
	at java.security.AccessController.doPrivileged(Native Method)
	at java.security.ProtectionDomain$JavaSecurityAccessImpl.doIntersectionPrivilege(ProtectionDomain.java:74)
	at java.security.ProtectionDomain$JavaSecurityAccessImpl.doIntersectionPrivilege(ProtectionDomain.java:84)
	at java.awt.EventQueue$4.run(EventQueue.java:733)
	at java.awt.EventQueue$4.run(EventQueue.java:731)
	at java.security.AccessController.doPrivileged(Native Method)
	at java.security.ProtectionDomain$JavaSecurityAccessImpl.doIntersectionPrivilege(ProtectionDomain.java:74)
	at java.awt.EventQueue.dispatchEvent(EventQueue.java:730)
	at java.awt.EventDispatchThread.pumpOneEventForFilters(EventDispatchThread.java:205)
	at java.awt.EventDispatchThread.pumpEventsForFilter(EventDispatchThread.java:116)
	at java.awt.EventDispatchThread.pumpEventsForHierarchy(EventDispatchThread.java:105)
	at java.awt.EventDispatchThread.pumpEvents(EventDispatchThread.java:101)
	at java.awt.EventDispatchThread.pumpEvents(EventDispatchThread.java:93)
	at java.awt.EventDispatchThread.run(EventDispatchThread.java:82)
Caused by: oracle.net.ns.NetException: The Network Adapter could not establish the connection
	at oracle.net.nt.ConnStrategy.execute(ConnStrategy.java:523)
	at oracle.net.resolver.AddrResolution.resolveAndExecute(AddrResolution.java:521)
	at oracle.net.ns.NSProtocol.establishConnection(NSProtocol.java:660)
	at oracle.net.ns.NSProtocol.connect(NSProtocol.java:286)
	at oracle.jdbc.driver.T4CConnection.connect(T4CConnection.java:1438)
	at oracle.jdbc.driver.T4CConnection.logon(T4CConnection.java:518)
	... 48 more
Caused by: java.io.IOException: Network is unreachable: connect, socket connect lapse 0 ms. /192.168.0.45 1521 0 1 true
	at oracle.net.nt.TcpNTAdapter.connect(TcpNTAdapter.java:209)
	at oracle.net.nt.ConnOption.connect(ConnOption.java:161)
	at oracle.net.nt.ConnStrategy.execute(ConnStrategy.java:470)
	... 53 more
Caused by: java.net.SocketException: Network is unreachable: connect
	at sun.nio.ch.Net.connect0(Native Method)
	at sun.nio.ch.Net.connect(Net.java:454)
	at sun.nio.ch.Net.connect(Net.java:446)
	at sun.nio.ch.SocketChannelImpl.connect(SocketChannelImpl.java:648)
	at java.nio.channels.SocketChannel.open(SocketChannel.java:189)
	at oracle.net.nt.TimeoutSocketChannel.<init>(TimeoutSocketChannel.java:81)
	at oracle.net.nt.TcpNTAdapter.connect(TcpNTAdapter.java:169)
	... 55 more
15:04:05,103 ERROR ExtracaoDAO:51 - Erro ao conectar com o Banco de Dados (ORACLE).
java.sql.SQLRecoverableException: Erro de ES: The Network Adapter could not establish the connection
	at oracle.jdbc.driver.T4CConnection.logon(T4CConnection.java:774)
	at oracle.jdbc.driver.PhysicalConnection.connect(PhysicalConnection.java:688)
	at oracle.jdbc.driver.T4CDriverExtension.getConnection(T4CDriverExtension.java:39)
	at oracle.jdbc.driver.OracleDriver.connect(OracleDriver.java:691)
	at java.sql.DriverManager.getConnection(DriverManager.java:664)
	at java.sql.DriverManager.getConnection(DriverManager.java:247)
	at br.com.martinello.bd.matriz.model.dao.Conexao.getConnection(Conexao.java:48)
	at br.com.martinello.bd.matriz.model.dao.UsuarioLoginDAO.UsuarioLogin(UsuarioLoginDAO.java:51)
	at br.com.martinello.bd.matriz.control.UsuarioController.login(UsuarioController.java:57)
	at br.com.martinello.sistema.view.TelaLogin.jlEntrarActionPerformed(TelaLogin.java:148)
	at br.com.martinello.sistema.view.TelaLogin.access$000(TelaLogin.java:29)
	at br.com.martinello.sistema.view.TelaLogin$1.actionPerformed(TelaLogin.java:77)
	at javax.swing.AbstractButton.fireActionPerformed(AbstractButton.java:2022)
	at javax.swing.AbstractButton$Handler.actionPerformed(AbstractButton.java:2348)
	at javax.swing.DefaultButtonModel.fireActionPerformed(DefaultButtonModel.java:402)
	at javax.swing.DefaultButtonModel.setPressed(DefaultButtonModel.java:259)
	at javax.swing.plaf.basic.BasicButtonListener.mouseReleased(BasicButtonListener.java:252)
	at com.jtattoo.plaf.BaseButtonListener.mouseReleased(BaseButtonListener.java:60)
	at java.awt.Component.processMouseEvent(Component.java:6539)
	at javax.swing.JComponent.processMouseEvent(JComponent.java:3324)
	at java.awt.Component.processEvent(Component.java:6304)
	at java.awt.Container.processEvent(Container.java:2239)
	at java.awt.Component.dispatchEventImpl(Component.java:4889)
	at java.awt.Container.dispatchEventImpl(Container.java:2297)
	at java.awt.Component.dispatchEvent(Component.java:4711)
	at java.awt.LightweightDispatcher.retargetMouseEvent(Container.java:4904)
	at java.awt.LightweightDispatcher.processMouseEvent(Container.java:4535)
	at java.awt.LightweightDispatcher.dispatchEvent(Container.java:4476)
	at java.awt.Container.dispatchEventImpl(Container.java:2283)
	at java.awt.Window.dispatchEventImpl(Window.java:2746)
	at java.awt.Component.dispatchEvent(Component.java:4711)
	at java.awt.EventQueue.dispatchEventImpl(EventQueue.java:760)
	at java.awt.EventQueue.access$500(EventQueue.java:97)
	at java.awt.EventQueue$3.run(EventQueue.java:709)
	at java.awt.EventQueue$3.run(EventQueue.java:703)
	at java.security.AccessController.doPrivileged(Native Method)
	at java.security.ProtectionDomain$JavaSecurityAccessImpl.doIntersectionPrivilege(ProtectionDomain.java:74)
	at java.security.ProtectionDomain$JavaSecurityAccessImpl.doIntersectionPrivilege(ProtectionDomain.java:84)
	at java.awt.EventQueue$4.run(EventQueue.java:733)
	at java.awt.EventQueue$4.run(EventQueue.java:731)
	at java.security.AccessController.doPrivileged(Native Method)
	at java.security.ProtectionDomain$JavaSecurityAccessImpl.doIntersectionPrivilege(ProtectionDomain.java:74)
	at java.awt.EventQueue.dispatchEvent(EventQueue.java:730)
	at java.awt.EventDispatchThread.pumpOneEventForFilters(EventDispatchThread.java:205)
	at java.awt.EventDispatchThread.pumpEventsForFilter(EventDispatchThread.java:116)
	at java.awt.EventDispatchThread.pumpEventsForHierarchy(EventDispatchThread.java:105)
	at java.awt.EventDispatchThread.pumpEvents(EventDispatchThread.java:101)
	at java.awt.EventDispatchThread.pumpEvents(EventDispatchThread.java:93)
	at java.awt.EventDispatchThread.run(EventDispatchThread.java:82)
Caused by: oracle.net.ns.NetException: The Network Adapter could not establish the connection
	at oracle.net.nt.ConnStrategy.execute(ConnStrategy.java:523)
	at oracle.net.resolver.AddrResolution.resolveAndExecute(AddrResolution.java:521)
	at oracle.net.ns.NSProtocol.establishConnection(NSProtocol.java:660)
	at oracle.net.ns.NSProtocol.connect(NSProtocol.java:286)
	at oracle.jdbc.driver.T4CConnection.connect(T4CConnection.java:1438)
	at oracle.jdbc.driver.T4CConnection.logon(T4CConnection.java:518)
	... 48 more
Caused by: java.io.IOException: Network is unreachable: connect, socket connect lapse 0 ms. /192.168.0.45 1521 0 1 true
	at oracle.net.nt.TcpNTAdapter.connect(TcpNTAdapter.java:209)
	at oracle.net.nt.ConnOption.connect(ConnOption.java:161)
	at oracle.net.nt.ConnStrategy.execute(ConnStrategy.java:470)
	... 53 more
Caused by: java.net.SocketException: Network is unreachable: connect
	at sun.nio.ch.Net.connect0(Native Method)
	at sun.nio.ch.Net.connect(Net.java:454)
	at sun.nio.ch.Net.connect(Net.java:446)
	at sun.nio.ch.SocketChannelImpl.connect(SocketChannelImpl.java:648)
	at java.nio.channels.SocketChannel.open(SocketChannel.java:189)
	at oracle.net.nt.TimeoutSocketChannel.<init>(TimeoutSocketChannel.java:81)
	at oracle.net.nt.TcpNTAdapter.connect(TcpNTAdapter.java:169)
	... 55 more
15:07:48,321 ERROR ExtracaoDAO:51 - Erro ao conectar com o Banco de Dados (ORACLE).
java.sql.SQLRecoverableException: Erro de ES: The Network Adapter could not establish the connection
	at oracle.jdbc.driver.T4CConnection.logon(T4CConnection.java:774)
	at oracle.jdbc.driver.PhysicalConnection.connect(PhysicalConnection.java:688)
	at oracle.jdbc.driver.T4CDriverExtension.getConnection(T4CDriverExtension.java:39)
	at oracle.jdbc.driver.OracleDriver.connect(OracleDriver.java:691)
	at java.sql.DriverManager.getConnection(DriverManager.java:664)
	at java.sql.DriverManager.getConnection(DriverManager.java:247)
	at br.com.martinello.bd.matriz.model.dao.Conexao.getConnection(Conexao.java:48)
	at br.com.martinello.bd.matriz.model.dao.UsuarioLoginDAO.UsuarioLogin(UsuarioLoginDAO.java:52)
	at br.com.martinello.bd.matriz.control.UsuarioController.login(UsuarioController.java:57)
	at br.com.martinello.sistema.view.TelaLogin.jlEntrarActionPerformed(TelaLogin.java:148)
	at br.com.martinello.sistema.view.TelaLogin.access$000(TelaLogin.java:29)
	at br.com.martinello.sistema.view.TelaLogin$1.actionPerformed(TelaLogin.java:77)
	at javax.swing.AbstractButton.fireActionPerformed(AbstractButton.java:2022)
	at javax.swing.AbstractButton$Handler.actionPerformed(AbstractButton.java:2348)
	at javax.swing.DefaultButtonModel.fireActionPerformed(DefaultButtonModel.java:402)
	at javax.swing.DefaultButtonModel.setPressed(DefaultButtonModel.java:259)
	at javax.swing.plaf.basic.BasicButtonListener.mouseReleased(BasicButtonListener.java:252)
	at com.jtattoo.plaf.BaseButtonListener.mouseReleased(BaseButtonListener.java:60)
	at java.awt.Component.processMouseEvent(Component.java:6539)
	at javax.swing.JComponent.processMouseEvent(JComponent.java:3324)
	at java.awt.Component.processEvent(Component.java:6304)
	at java.awt.Container.processEvent(Container.java:2239)
	at java.awt.Component.dispatchEventImpl(Component.java:4889)
	at java.awt.Container.dispatchEventImpl(Container.java:2297)
	at java.awt.Component.dispatchEvent(Component.java:4711)
	at java.awt.LightweightDispatcher.retargetMouseEvent(Container.java:4904)
	at java.awt.LightweightDispatcher.processMouseEvent(Container.java:4535)
	at java.awt.LightweightDispatcher.dispatchEvent(Container.java:4476)
	at java.awt.Container.dispatchEventImpl(Container.java:2283)
	at java.awt.Window.dispatchEventImpl(Window.java:2746)
	at java.awt.Component.dispatchEvent(Component.java:4711)
	at java.awt.EventQueue.dispatchEventImpl(EventQueue.java:760)
	at java.awt.EventQueue.access$500(EventQueue.java:97)
	at java.awt.EventQueue$3.run(EventQueue.java:709)
	at java.awt.EventQueue$3.run(EventQueue.java:703)
	at java.security.AccessController.doPrivileged(Native Method)
	at java.security.ProtectionDomain$JavaSecurityAccessImpl.doIntersectionPrivilege(ProtectionDomain.java:74)
	at java.security.ProtectionDomain$JavaSecurityAccessImpl.doIntersectionPrivilege(ProtectionDomain.java:84)
	at java.awt.EventQueue$4.run(EventQueue.java:733)
	at java.awt.EventQueue$4.run(EventQueue.java:731)
	at java.security.AccessController.doPrivileged(Native Method)
	at java.security.ProtectionDomain$JavaSecurityAccessImpl.doIntersectionPrivilege(ProtectionDomain.java:74)
	at java.awt.EventQueue.dispatchEvent(EventQueue.java:730)
	at java.awt.EventDispatchThread.pumpOneEventForFilters(EventDispatchThread.java:205)
	at java.awt.EventDispatchThread.pumpEventsForFilter(EventDispatchThread.java:116)
	at java.awt.EventDispatchThread.pumpEventsForHierarchy(EventDispatchThread.java:105)
	at java.awt.EventDispatchThread.pumpEvents(EventDispatchThread.java:101)
	at java.awt.EventDispatchThread.pumpEvents(EventDispatchThread.java:93)
	at java.awt.EventDispatchThread.run(EventDispatchThread.java:82)
Caused by: oracle.net.ns.NetException: The Network Adapter could not establish the connection
	at oracle.net.nt.ConnStrategy.execute(ConnStrategy.java:523)
	at oracle.net.resolver.AddrResolution.resolveAndExecute(AddrResolution.java:521)
	at oracle.net.ns.NSProtocol.establishConnection(NSProtocol.java:660)
	at oracle.net.ns.NSProtocol.connect(NSProtocol.java:286)
	at oracle.jdbc.driver.T4CConnection.connect(T4CConnection.java:1438)
	at oracle.jdbc.driver.T4CConnection.logon(T4CConnection.java:518)
	... 48 more
Caused by: java.io.IOException: Network is unreachable: connect, socket connect lapse 0 ms. /192.168.0.45 1521 0 1 true
	at oracle.net.nt.TcpNTAdapter.connect(TcpNTAdapter.java:209)
	at oracle.net.nt.ConnOption.connect(ConnOption.java:161)
	at oracle.net.nt.ConnStrategy.execute(ConnStrategy.java:470)
	... 53 more
Caused by: java.net.SocketException: Network is unreachable: connect
	at sun.nio.ch.Net.connect0(Native Method)
	at sun.nio.ch.Net.connect(Net.java:454)
	at sun.nio.ch.Net.connect(Net.java:446)
	at sun.nio.ch.SocketChannelImpl.connect(SocketChannelImpl.java:648)
	at java.nio.channels.SocketChannel.open(SocketChannel.java:189)
	at oracle.net.nt.TimeoutSocketChannel.<init>(TimeoutSocketChannel.java:81)
	at oracle.net.nt.TcpNTAdapter.connect(TcpNTAdapter.java:169)
	... 55 more
15:13:00,132 ERROR ExtracaoDAO:51 - Erro ao conectar com o Banco de Dados (ORACLE).
java.sql.SQLRecoverableException: Erro de ES: The Network Adapter could not establish the connection
	at oracle.jdbc.driver.T4CConnection.logon(T4CConnection.java:774)
	at oracle.jdbc.driver.PhysicalConnection.connect(PhysicalConnection.java:688)
	at oracle.jdbc.driver.T4CDriverExtension.getConnection(T4CDriverExtension.java:39)
	at oracle.jdbc.driver.OracleDriver.connect(OracleDriver.java:691)
	at java.sql.DriverManager.getConnection(DriverManager.java:664)
	at java.sql.DriverManager.getConnection(DriverManager.java:247)
	at br.com.martinello.bd.matriz.model.dao.Conexao.getConnection(Conexao.java:48)
	at br.com.martinello.bd.matriz.model.dao.UsuarioLoginDAO.UsuarioLogin(UsuarioLoginDAO.java:52)
	at br.com.martinello.bd.matriz.control.UsuarioController.login(UsuarioController.java:58)
	at br.com.martinello.sistema.view.TelaLogin.jlEntrarActionPerformed(TelaLogin.java:149)
	at br.com.martinello.sistema.view.TelaLogin.access$000(TelaLogin.java:30)
	at br.com.martinello.sistema.view.TelaLogin$1.actionPerformed(TelaLogin.java:78)
	at javax.swing.AbstractButton.fireActionPerformed(AbstractButton.java:2022)
	at javax.swing.AbstractButton$Handler.actionPerformed(AbstractButton.java:2348)
	at javax.swing.DefaultButtonModel.fireActionPerformed(DefaultButtonModel.java:402)
	at javax.swing.DefaultButtonModel.setPressed(DefaultButtonModel.java:259)
	at javax.swing.plaf.basic.BasicButtonListener.mouseReleased(BasicButtonListener.java:252)
	at com.jtattoo.plaf.BaseButtonListener.mouseReleased(BaseButtonListener.java:60)
	at java.awt.Component.processMouseEvent(Component.java:6539)
	at javax.swing.JComponent.processMouseEvent(JComponent.java:3324)
	at java.awt.Component.processEvent(Component.java:6304)
	at java.awt.Container.processEvent(Container.java:2239)
	at java.awt.Component.dispatchEventImpl(Component.java:4889)
	at java.awt.Container.dispatchEventImpl(Container.java:2297)
	at java.awt.Component.dispatchEvent(Component.java:4711)
	at java.awt.LightweightDispatcher.retargetMouseEvent(Container.java:4904)
	at java.awt.LightweightDispatcher.processMouseEvent(Container.java:4535)
	at java.awt.LightweightDispatcher.dispatchEvent(Container.java:4476)
	at java.awt.Container.dispatchEventImpl(Container.java:2283)
	at java.awt.Window.dispatchEventImpl(Window.java:2746)
	at java.awt.Component.dispatchEvent(Component.java:4711)
	at java.awt.EventQueue.dispatchEventImpl(EventQueue.java:760)
	at java.awt.EventQueue.access$500(EventQueue.java:97)
	at java.awt.EventQueue$3.run(EventQueue.java:709)
	at java.awt.EventQueue$3.run(EventQueue.java:703)
	at java.security.AccessController.doPrivileged(Native Method)
	at java.security.ProtectionDomain$JavaSecurityAccessImpl.doIntersectionPrivilege(ProtectionDomain.java:74)
	at java.security.ProtectionDomain$JavaSecurityAccessImpl.doIntersectionPrivilege(ProtectionDomain.java:84)
	at java.awt.EventQueue$4.run(EventQueue.java:733)
	at java.awt.EventQueue$4.run(EventQueue.java:731)
	at java.security.AccessController.doPrivileged(Native Method)
	at java.security.ProtectionDomain$JavaSecurityAccessImpl.doIntersectionPrivilege(ProtectionDomain.java:74)
	at java.awt.EventQueue.dispatchEvent(EventQueue.java:730)
	at java.awt.EventDispatchThread.pumpOneEventForFilters(EventDispatchThread.java:205)
	at java.awt.EventDispatchThread.pumpEventsForFilter(EventDispatchThread.java:116)
	at java.awt.EventDispatchThread.pumpEventsForHierarchy(EventDispatchThread.java:105)
	at java.awt.EventDispatchThread.pumpEvents(EventDispatchThread.java:101)
	at java.awt.EventDispatchThread.pumpEvents(EventDispatchThread.java:93)
	at java.awt.EventDispatchThread.run(EventDispatchThread.java:82)
Caused by: oracle.net.ns.NetException: The Network Adapter could not establish the connection
	at oracle.net.nt.ConnStrategy.execute(ConnStrategy.java:523)
	at oracle.net.resolver.AddrResolution.resolveAndExecute(AddrResolution.java:521)
	at oracle.net.ns.NSProtocol.establishConnection(NSProtocol.java:660)
	at oracle.net.ns.NSProtocol.connect(NSProtocol.java:286)
	at oracle.jdbc.driver.T4CConnection.connect(T4CConnection.java:1438)
	at oracle.jdbc.driver.T4CConnection.logon(T4CConnection.java:518)
	... 48 more
Caused by: java.io.IOException: Network is unreachable: connect, socket connect lapse 0 ms. /192.168.0.45 1521 0 1 true
	at oracle.net.nt.TcpNTAdapter.connect(TcpNTAdapter.java:209)
	at oracle.net.nt.ConnOption.connect(ConnOption.java:161)
	at oracle.net.nt.ConnStrategy.execute(ConnStrategy.java:470)
	... 53 more
Caused by: java.net.SocketException: Network is unreachable: connect
	at sun.nio.ch.Net.connect0(Native Method)
	at sun.nio.ch.Net.connect(Net.java:454)
	at sun.nio.ch.Net.connect(Net.java:446)
	at sun.nio.ch.SocketChannelImpl.connect(SocketChannelImpl.java:648)
	at java.nio.channels.SocketChannel.open(SocketChannel.java:189)
	at oracle.net.nt.TimeoutSocketChannel.<init>(TimeoutSocketChannel.java:81)
	at oracle.net.nt.TcpNTAdapter.connect(TcpNTAdapter.java:169)
	... 55 more
15:14:23,304 ERROR ExtracaoDAO:52 - Erro ao conectar com o Banco de Dados (ORACLE).
java.sql.SQLRecoverableException: Erro de ES: The Network Adapter could not establish the connection
	at oracle.jdbc.driver.T4CConnection.logon(T4CConnection.java:774)
	at oracle.jdbc.driver.PhysicalConnection.connect(PhysicalConnection.java:688)
	at oracle.jdbc.driver.T4CDriverExtension.getConnection(T4CDriverExtension.java:39)
	at oracle.jdbc.driver.OracleDriver.connect(OracleDriver.java:691)
	at java.sql.DriverManager.getConnection(DriverManager.java:664)
	at java.sql.DriverManager.getConnection(DriverManager.java:247)
	at br.com.martinello.bd.matriz.model.dao.Conexao.getConnection(Conexao.java:49)
	at br.com.martinello.bd.matriz.model.dao.UsuarioLoginDAO.UsuarioLogin(UsuarioLoginDAO.java:52)
	at br.com.martinello.bd.matriz.control.UsuarioController.login(UsuarioController.java:58)
	at br.com.martinello.sistema.view.TelaLogin.jlEntrarActionPerformed(TelaLogin.java:149)
	at br.com.martinello.sistema.view.TelaLogin.access$000(TelaLogin.java:30)
	at br.com.martinello.sistema.view.TelaLogin$1.actionPerformed(TelaLogin.java:78)
	at javax.swing.AbstractButton.fireActionPerformed(AbstractButton.java:2022)
	at javax.swing.AbstractButton$Handler.actionPerformed(AbstractButton.java:2348)
	at javax.swing.DefaultButtonModel.fireActionPerformed(DefaultButtonModel.java:402)
	at javax.swing.DefaultButtonModel.setPressed(DefaultButtonModel.java:259)
	at javax.swing.plaf.basic.BasicButtonListener.mouseReleased(BasicButtonListener.java:252)
	at com.jtattoo.plaf.BaseButtonListener.mouseReleased(BaseButtonListener.java:60)
	at java.awt.Component.processMouseEvent(Component.java:6539)
	at javax.swing.JComponent.processMouseEvent(JComponent.java:3324)
	at java.awt.Component.processEvent(Component.java:6304)
	at java.awt.Container.processEvent(Container.java:2239)
	at java.awt.Component.dispatchEventImpl(Component.java:4889)
	at java.awt.Container.dispatchEventImpl(Container.java:2297)
	at java.awt.Component.dispatchEvent(Component.java:4711)
	at java.awt.LightweightDispatcher.retargetMouseEvent(Container.java:4904)
	at java.awt.LightweightDispatcher.processMouseEvent(Container.java:4535)
	at java.awt.LightweightDispatcher.dispatchEvent(Container.java:4476)
	at java.awt.Container.dispatchEventImpl(Container.java:2283)
	at java.awt.Window.dispatchEventImpl(Window.java:2746)
	at java.awt.Component.dispatchEvent(Component.java:4711)
	at java.awt.EventQueue.dispatchEventImpl(EventQueue.java:760)
	at java.awt.EventQueue.access$500(EventQueue.java:97)
	at java.awt.EventQueue$3.run(EventQueue.java:709)
	at java.awt.EventQueue$3.run(EventQueue.java:703)
	at java.security.AccessController.doPrivileged(Native Method)
	at java.security.ProtectionDomain$JavaSecurityAccessImpl.doIntersectionPrivilege(ProtectionDomain.java:74)
	at java.security.ProtectionDomain$JavaSecurityAccessImpl.doIntersectionPrivilege(ProtectionDomain.java:84)
	at java.awt.EventQueue$4.run(EventQueue.java:733)
	at java.awt.EventQueue$4.run(EventQueue.java:731)
	at java.security.AccessController.doPrivileged(Native Method)
	at java.security.ProtectionDomain$JavaSecurityAccessImpl.doIntersectionPrivilege(ProtectionDomain.java:74)
	at java.awt.EventQueue.dispatchEvent(EventQueue.java:730)
	at java.awt.EventDispatchThread.pumpOneEventForFilters(EventDispatchThread.java:205)
	at java.awt.EventDispatchThread.pumpEventsForFilter(EventDispatchThread.java:116)
	at java.awt.EventDispatchThread.pumpEventsForHierarchy(EventDispatchThread.java:105)
	at java.awt.EventDispatchThread.pumpEvents(EventDispatchThread.java:101)
	at java.awt.EventDispatchThread.pumpEvents(EventDispatchThread.java:93)
	at java.awt.EventDispatchThread.run(EventDispatchThread.java:82)
Caused by: oracle.net.ns.NetException: The Network Adapter could not establish the connection
	at oracle.net.nt.ConnStrategy.execute(ConnStrategy.java:523)
	at oracle.net.resolver.AddrResolution.resolveAndExecute(AddrResolution.java:521)
	at oracle.net.ns.NSProtocol.establishConnection(NSProtocol.java:660)
	at oracle.net.ns.NSProtocol.connect(NSProtocol.java:286)
	at oracle.jdbc.driver.T4CConnection.connect(T4CConnection.java:1438)
	at oracle.jdbc.driver.T4CConnection.logon(T4CConnection.java:518)
	... 48 more
Caused by: java.io.IOException: Network is unreachable: connect, socket connect lapse 0 ms. /192.168.0.45 1521 0 1 true
	at oracle.net.nt.TcpNTAdapter.connect(TcpNTAdapter.java:209)
	at oracle.net.nt.ConnOption.connect(ConnOption.java:161)
	at oracle.net.nt.ConnStrategy.execute(ConnStrategy.java:470)
	... 53 more
Caused by: java.net.SocketException: Network is unreachable: connect
	at sun.nio.ch.Net.connect0(Native Method)
	at sun.nio.ch.Net.connect(Net.java:454)
	at sun.nio.ch.Net.connect(Net.java:446)
	at sun.nio.ch.SocketChannelImpl.connect(SocketChannelImpl.java:648)
	at java.nio.channels.SocketChannel.open(SocketChannel.java:189)
	at oracle.net.nt.TimeoutSocketChannel.<init>(TimeoutSocketChannel.java:81)
	at oracle.net.nt.TcpNTAdapter.connect(TcpNTAdapter.java:169)
	... 55 more
15:17:58,180 ERROR ExtracaoDAO:52 - Erro ao conectar com o Banco de Dados (ORACLE).
java.sql.SQLRecoverableException: Erro de ES: The Network Adapter could not establish the connection
	at oracle.jdbc.driver.T4CConnection.logon(T4CConnection.java:774)
	at oracle.jdbc.driver.PhysicalConnection.connect(PhysicalConnection.java:688)
	at oracle.jdbc.driver.T4CDriverExtension.getConnection(T4CDriverExtension.java:39)
	at oracle.jdbc.driver.OracleDriver.connect(OracleDriver.java:691)
	at java.sql.DriverManager.getConnection(DriverManager.java:664)
	at java.sql.DriverManager.getConnection(DriverManager.java:247)
	at br.com.martinello.bd.matriz.model.dao.Conexao.getConnection(Conexao.java:49)
	at br.com.martinello.bd.matriz.model.dao.UsuarioLoginDAO.UsuarioLogin(UsuarioLoginDAO.java:53)
	at br.com.martinello.bd.matriz.control.UsuarioController.login(UsuarioController.java:58)
	at br.com.martinello.sistema.view.TelaLogin.jlEntrarActionPerformed(TelaLogin.java:149)
	at br.com.martinello.sistema.view.TelaLogin.access$000(TelaLogin.java:30)
	at br.com.martinello.sistema.view.TelaLogin$1.actionPerformed(TelaLogin.java:78)
	at javax.swing.AbstractButton.fireActionPerformed(AbstractButton.java:2022)
	at javax.swing.AbstractButton$Handler.actionPerformed(AbstractButton.java:2348)
	at javax.swing.DefaultButtonModel.fireActionPerformed(DefaultButtonModel.java:402)
	at javax.swing.DefaultButtonModel.setPressed(DefaultButtonModel.java:259)
	at javax.swing.plaf.basic.BasicButtonListener.mouseReleased(BasicButtonListener.java:252)
	at com.jtattoo.plaf.BaseButtonListener.mouseReleased(BaseButtonListener.java:60)
	at java.awt.Component.processMouseEvent(Component.java:6539)
	at javax.swing.JComponent.processMouseEvent(JComponent.java:3324)
	at java.awt.Component.processEvent(Component.java:6304)
	at java.awt.Container.processEvent(Container.java:2239)
	at java.awt.Component.dispatchEventImpl(Component.java:4889)
	at java.awt.Container.dispatchEventImpl(Container.java:2297)
	at java.awt.Component.dispatchEvent(Component.java:4711)
	at java.awt.LightweightDispatcher.retargetMouseEvent(Container.java:4904)
	at java.awt.LightweightDispatcher.processMouseEvent(Container.java:4535)
	at java.awt.LightweightDispatcher.dispatchEvent(Container.java:4476)
	at java.awt.Container.dispatchEventImpl(Container.java:2283)
	at java.awt.Window.dispatchEventImpl(Window.java:2746)
	at java.awt.Component.dispatchEvent(Component.java:4711)
	at java.awt.EventQueue.dispatchEventImpl(EventQueue.java:760)
	at java.awt.EventQueue.access$500(EventQueue.java:97)
	at java.awt.EventQueue$3.run(EventQueue.java:709)
	at java.awt.EventQueue$3.run(EventQueue.java:703)
	at java.security.AccessController.doPrivileged(Native Method)
	at java.security.ProtectionDomain$JavaSecurityAccessImpl.doIntersectionPrivilege(ProtectionDomain.java:74)
	at java.security.ProtectionDomain$JavaSecurityAccessImpl.doIntersectionPrivilege(ProtectionDomain.java:84)
	at java.awt.EventQueue$4.run(EventQueue.java:733)
	at java.awt.EventQueue$4.run(EventQueue.java:731)
	at java.security.AccessController.doPrivileged(Native Method)
	at java.security.ProtectionDomain$JavaSecurityAccessImpl.doIntersectionPrivilege(ProtectionDomain.java:74)
	at java.awt.EventQueue.dispatchEvent(EventQueue.java:730)
	at java.awt.EventDispatchThread.pumpOneEventForFilters(EventDispatchThread.java:205)
	at java.awt.EventDispatchThread.pumpEventsForFilter(EventDispatchThread.java:116)
	at java.awt.EventDispatchThread.pumpEventsForHierarchy(EventDispatchThread.java:105)
	at java.awt.EventDispatchThread.pumpEvents(EventDispatchThread.java:101)
	at java.awt.EventDispatchThread.pumpEvents(EventDispatchThread.java:93)
	at java.awt.EventDispatchThread.run(EventDispatchThread.java:82)
Caused by: oracle.net.ns.NetException: The Network Adapter could not establish the connection
	at oracle.net.nt.ConnStrategy.execute(ConnStrategy.java:523)
	at oracle.net.resolver.AddrResolution.resolveAndExecute(AddrResolution.java:521)
	at oracle.net.ns.NSProtocol.establishConnection(NSProtocol.java:660)
	at oracle.net.ns.NSProtocol.connect(NSProtocol.java:286)
	at oracle.jdbc.driver.T4CConnection.connect(T4CConnection.java:1438)
	at oracle.jdbc.driver.T4CConnection.logon(T4CConnection.java:518)
	... 48 more
Caused by: java.io.IOException: Network is unreachable: connect, socket connect lapse 0 ms. /192.168.0.45 1521 0 1 true
	at oracle.net.nt.TcpNTAdapter.connect(TcpNTAdapter.java:209)
	at oracle.net.nt.ConnOption.connect(ConnOption.java:161)
	at oracle.net.nt.ConnStrategy.execute(ConnStrategy.java:470)
	... 53 more
Caused by: java.net.SocketException: Network is unreachable: connect
	at sun.nio.ch.Net.connect0(Native Method)
	at sun.nio.ch.Net.connect(Net.java:454)
	at sun.nio.ch.Net.connect(Net.java:446)
	at sun.nio.ch.SocketChannelImpl.connect(SocketChannelImpl.java:648)
	at java.nio.channels.SocketChannel.open(SocketChannel.java:189)
	at oracle.net.nt.TimeoutSocketChannel.<init>(TimeoutSocketChannel.java:81)
	at oracle.net.nt.TcpNTAdapter.connect(TcpNTAdapter.java:169)
	... 55 more
15:19:23,992 ERROR ExtracaoDAO:52 - Erro ao conectar com o Banco de Dados (ORACLE).
java.sql.SQLRecoverableException: Erro de ES: The Network Adapter could not establish the connection
	at oracle.jdbc.driver.T4CConnection.logon(T4CConnection.java:774)
	at oracle.jdbc.driver.PhysicalConnection.connect(PhysicalConnection.java:688)
	at oracle.jdbc.driver.T4CDriverExtension.getConnection(T4CDriverExtension.java:39)
	at oracle.jdbc.driver.OracleDriver.connect(OracleDriver.java:691)
	at java.sql.DriverManager.getConnection(DriverManager.java:664)
	at java.sql.DriverManager.getConnection(DriverManager.java:247)
	at br.com.martinello.bd.matriz.model.dao.Conexao.getConnection(Conexao.java:49)
	at br.com.martinello.bd.matriz.model.dao.UsuarioLoginDAO.UsuarioLogin(UsuarioLoginDAO.java:53)
	at br.com.martinello.bd.matriz.control.UsuarioController.login(UsuarioController.java:58)
	at br.com.martinello.sistema.view.TelaLogin.jlEntrarActionPerformed(TelaLogin.java:149)
	at br.com.martinello.sistema.view.TelaLogin.access$000(TelaLogin.java:30)
	at br.com.martinello.sistema.view.TelaLogin$1.actionPerformed(TelaLogin.java:78)
	at javax.swing.AbstractButton.fireActionPerformed(AbstractButton.java:2022)
	at javax.swing.AbstractButton$Handler.actionPerformed(AbstractButton.java:2348)
	at javax.swing.DefaultButtonModel.fireActionPerformed(DefaultButtonModel.java:402)
	at javax.swing.DefaultButtonModel.setPressed(DefaultButtonModel.java:259)
	at javax.swing.plaf.basic.BasicButtonListener.mouseReleased(BasicButtonListener.java:252)
	at com.jtattoo.plaf.BaseButtonListener.mouseReleased(BaseButtonListener.java:60)
	at java.awt.Component.processMouseEvent(Component.java:6539)
	at javax.swing.JComponent.processMouseEvent(JComponent.java:3324)
	at java.awt.Component.processEvent(Component.java:6304)
	at java.awt.Container.processEvent(Container.java:2239)
	at java.awt.Component.dispatchEventImpl(Component.java:4889)
	at java.awt.Container.dispatchEventImpl(Container.java:2297)
	at java.awt.Component.dispatchEvent(Component.java:4711)
	at java.awt.LightweightDispatcher.retargetMouseEvent(Container.java:4904)
	at java.awt.LightweightDispatcher.processMouseEvent(Container.java:4535)
	at java.awt.LightweightDispatcher.dispatchEvent(Container.java:4476)
	at java.awt.Container.dispatchEventImpl(Container.java:2283)
	at java.awt.Window.dispatchEventImpl(Window.java:2746)
	at java.awt.Component.dispatchEvent(Component.java:4711)
	at java.awt.EventQueue.dispatchEventImpl(EventQueue.java:760)
	at java.awt.EventQueue.access$500(EventQueue.java:97)
	at java.awt.EventQueue$3.run(EventQueue.java:709)
	at java.awt.EventQueue$3.run(EventQueue.java:703)
	at java.security.AccessController.doPrivileged(Native Method)
	at java.security.ProtectionDomain$JavaSecurityAccessImpl.doIntersectionPrivilege(ProtectionDomain.java:74)
	at java.security.ProtectionDomain$JavaSecurityAccessImpl.doIntersectionPrivilege(ProtectionDomain.java:84)
	at java.awt.EventQueue$4.run(EventQueue.java:733)
	at java.awt.EventQueue$4.run(EventQueue.java:731)
	at java.security.AccessController.doPrivileged(Native Method)
	at java.security.ProtectionDomain$JavaSecurityAccessImpl.doIntersectionPrivilege(ProtectionDomain.java:74)
	at java.awt.EventQueue.dispatchEvent(EventQueue.java:730)
	at java.awt.EventDispatchThread.pumpOneEventForFilters(EventDispatchThread.java:205)
	at java.awt.EventDispatchThread.pumpEventsForFilter(EventDispatchThread.java:116)
	at java.awt.EventDispatchThread.pumpEventsForHierarchy(EventDispatchThread.java:105)
	at java.awt.EventDispatchThread.pumpEvents(EventDispatchThread.java:101)
	at java.awt.EventDispatchThread.pumpEvents(EventDispatchThread.java:93)
	at java.awt.EventDispatchThread.run(EventDispatchThread.java:82)
Caused by: oracle.net.ns.NetException: The Network Adapter could not establish the connection
	at oracle.net.nt.ConnStrategy.execute(ConnStrategy.java:523)
	at oracle.net.resolver.AddrResolution.resolveAndExecute(AddrResolution.java:521)
	at oracle.net.ns.NSProtocol.establishConnection(NSProtocol.java:660)
	at oracle.net.ns.NSProtocol.connect(NSProtocol.java:286)
	at oracle.jdbc.driver.T4CConnection.connect(T4CConnection.java:1438)
	at oracle.jdbc.driver.T4CConnection.logon(T4CConnection.java:518)
	... 48 more
Caused by: java.io.IOException: Network is unreachable: connect, socket connect lapse 0 ms. /192.168.0.45 1521 0 1 true
	at oracle.net.nt.TcpNTAdapter.connect(TcpNTAdapter.java:209)
	at oracle.net.nt.ConnOption.connect(ConnOption.java:161)
	at oracle.net.nt.ConnStrategy.execute(ConnStrategy.java:470)
	... 53 more
Caused by: java.net.SocketException: Network is unreachable: connect
	at sun.nio.ch.Net.connect0(Native Method)
	at sun.nio.ch.Net.connect(Net.java:454)
	at sun.nio.ch.Net.connect(Net.java:446)
	at sun.nio.ch.SocketChannelImpl.connect(SocketChannelImpl.java:648)
	at java.nio.channels.SocketChannel.open(SocketChannel.java:189)
	at oracle.net.nt.TimeoutSocketChannel.<init>(TimeoutSocketChannel.java:81)
	at oracle.net.nt.TcpNTAdapter.connect(TcpNTAdapter.java:169)
	... 55 more
15:22:33,509 ERROR ExtracaoDAO:53 - Erro ao conectar com o Banco de Dados (ORACLE).
java.sql.SQLRecoverableException: Erro de ES: The Network Adapter could not establish the connection
	at oracle.jdbc.driver.T4CConnection.logon(T4CConnection.java:774)
	at oracle.jdbc.driver.PhysicalConnection.connect(PhysicalConnection.java:688)
	at oracle.jdbc.driver.T4CDriverExtension.getConnection(T4CDriverExtension.java:39)
	at oracle.jdbc.driver.OracleDriver.connect(OracleDriver.java:691)
	at java.sql.DriverManager.getConnection(DriverManager.java:664)
	at java.sql.DriverManager.getConnection(DriverManager.java:247)
	at br.com.martinello.bd.matriz.model.dao.Conexao.getConnection(Conexao.java:50)
	at br.com.martinello.bd.matriz.model.dao.UsuarioLoginDAO.UsuarioLogin(UsuarioLoginDAO.java:53)
	at br.com.martinello.bd.matriz.control.UsuarioController.login(UsuarioController.java:58)
	at br.com.martinello.sistema.view.TelaLogin.jlEntrarActionPerformed(TelaLogin.java:149)
	at br.com.martinello.sistema.view.TelaLogin.access$000(TelaLogin.java:30)
	at br.com.martinello.sistema.view.TelaLogin$1.actionPerformed(TelaLogin.java:78)
	at javax.swing.AbstractButton.fireActionPerformed(AbstractButton.java:2022)
	at javax.swing.AbstractButton$Handler.actionPerformed(AbstractButton.java:2348)
	at javax.swing.DefaultButtonModel.fireActionPerformed(DefaultButtonModel.java:402)
	at javax.swing.DefaultButtonModel.setPressed(DefaultButtonModel.java:259)
	at javax.swing.plaf.basic.BasicButtonListener.mouseReleased(BasicButtonListener.java:252)
	at com.jtattoo.plaf.BaseButtonListener.mouseReleased(BaseButtonListener.java:60)
	at java.awt.Component.processMouseEvent(Component.java:6539)
	at javax.swing.JComponent.processMouseEvent(JComponent.java:3324)
	at java.awt.Component.processEvent(Component.java:6304)
	at java.awt.Container.processEvent(Container.java:2239)
	at java.awt.Component.dispatchEventImpl(Component.java:4889)
	at java.awt.Container.dispatchEventImpl(Container.java:2297)
	at java.awt.Component.dispatchEvent(Component.java:4711)
	at java.awt.LightweightDispatcher.retargetMouseEvent(Container.java:4904)
	at java.awt.LightweightDispatcher.processMouseEvent(Container.java:4535)
	at java.awt.LightweightDispatcher.dispatchEvent(Container.java:4476)
	at java.awt.Container.dispatchEventImpl(Container.java:2283)
	at java.awt.Window.dispatchEventImpl(Window.java:2746)
	at java.awt.Component.dispatchEvent(Component.java:4711)
	at java.awt.EventQueue.dispatchEventImpl(EventQueue.java:760)
	at java.awt.EventQueue.access$500(EventQueue.java:97)
	at java.awt.EventQueue$3.run(EventQueue.java:709)
	at java.awt.EventQueue$3.run(EventQueue.java:703)
	at java.security.AccessController.doPrivileged(Native Method)
	at java.security.ProtectionDomain$JavaSecurityAccessImpl.doIntersectionPrivilege(ProtectionDomain.java:74)
	at java.security.ProtectionDomain$JavaSecurityAccessImpl.doIntersectionPrivilege(ProtectionDomain.java:84)
	at java.awt.EventQueue$4.run(EventQueue.java:733)
	at java.awt.EventQueue$4.run(EventQueue.java:731)
	at java.security.AccessController.doPrivileged(Native Method)
	at java.security.ProtectionDomain$JavaSecurityAccessImpl.doIntersectionPrivilege(ProtectionDomain.java:74)
	at java.awt.EventQueue.dispatchEvent(EventQueue.java:730)
	at java.awt.EventDispatchThread.pumpOneEventForFilters(EventDispatchThread.java:205)
	at java.awt.EventDispatchThread.pumpEventsForFilter(EventDispatchThread.java:116)
	at java.awt.EventDispatchThread.pumpEventsForHierarchy(EventDispatchThread.java:105)
	at java.awt.EventDispatchThread.pumpEvents(EventDispatchThread.java:101)
	at java.awt.EventDispatchThread.pumpEvents(EventDispatchThread.java:93)
	at java.awt.EventDispatchThread.run(EventDispatchThread.java:82)
Caused by: oracle.net.ns.NetException: The Network Adapter could not establish the connection
	at oracle.net.nt.ConnStrategy.execute(ConnStrategy.java:523)
	at oracle.net.resolver.AddrResolution.resolveAndExecute(AddrResolution.java:521)
	at oracle.net.ns.NSProtocol.establishConnection(NSProtocol.java:660)
	at oracle.net.ns.NSProtocol.connect(NSProtocol.java:286)
	at oracle.jdbc.driver.T4CConnection.connect(T4CConnection.java:1438)
	at oracle.jdbc.driver.T4CConnection.logon(T4CConnection.java:518)
	... 48 more
Caused by: java.io.IOException: Network is unreachable: connect, socket connect lapse 0 ms. /192.168.0.45 1521 0 1 true
	at oracle.net.nt.TcpNTAdapter.connect(TcpNTAdapter.java:209)
	at oracle.net.nt.ConnOption.connect(ConnOption.java:161)
	at oracle.net.nt.ConnStrategy.execute(ConnStrategy.java:470)
	... 53 more
Caused by: java.net.SocketException: Network is unreachable: connect
	at sun.nio.ch.Net.connect0(Native Method)
	at sun.nio.ch.Net.connect(Net.java:454)
	at sun.nio.ch.Net.connect(Net.java:446)
	at sun.nio.ch.SocketChannelImpl.connect(SocketChannelImpl.java:648)
	at java.nio.channels.SocketChannel.open(SocketChannel.java:189)
	at oracle.net.nt.TimeoutSocketChannel.<init>(TimeoutSocketChannel.java:81)
	at oracle.net.nt.TcpNTAdapter.connect(TcpNTAdapter.java:169)
	... 55 more
15:24:58,207 ERROR ExtracaoDAO:53 - Erro ao conectar com o Banco de Dados (ORACLE).
java.sql.SQLRecoverableException: Erro de ES: The Network Adapter could not establish the connection
	at oracle.jdbc.driver.T4CConnection.logon(T4CConnection.java:774)
	at oracle.jdbc.driver.PhysicalConnection.connect(PhysicalConnection.java:688)
	at oracle.jdbc.driver.T4CDriverExtension.getConnection(T4CDriverExtension.java:39)
	at oracle.jdbc.driver.OracleDriver.connect(OracleDriver.java:691)
	at java.sql.DriverManager.getConnection(DriverManager.java:664)
	at java.sql.DriverManager.getConnection(DriverManager.java:247)
	at br.com.martinello.bd.matriz.model.dao.Conexao.getConnection(Conexao.java:50)
	at br.com.martinello.bd.matriz.model.dao.UsuarioLoginDAO.UsuarioLogin(UsuarioLoginDAO.java:54)
	at br.com.martinello.bd.matriz.control.UsuarioController.login(UsuarioController.java:58)
	at br.com.martinello.sistema.view.TelaLogin.jlEntrarActionPerformed(TelaLogin.java:149)
	at br.com.martinello.sistema.view.TelaLogin.access$000(TelaLogin.java:30)
	at br.com.martinello.sistema.view.TelaLogin$1.actionPerformed(TelaLogin.java:78)
	at javax.swing.AbstractButton.fireActionPerformed(AbstractButton.java:2022)
	at javax.swing.AbstractButton$Handler.actionPerformed(AbstractButton.java:2348)
	at javax.swing.DefaultButtonModel.fireActionPerformed(DefaultButtonModel.java:402)
	at javax.swing.DefaultButtonModel.setPressed(DefaultButtonModel.java:259)
	at javax.swing.plaf.basic.BasicButtonListener.mouseReleased(BasicButtonListener.java:252)
	at com.jtattoo.plaf.BaseButtonListener.mouseReleased(BaseButtonListener.java:60)
	at java.awt.Component.processMouseEvent(Component.java:6539)
	at javax.swing.JComponent.processMouseEvent(JComponent.java:3324)
	at java.awt.Component.processEvent(Component.java:6304)
	at java.awt.Container.processEvent(Container.java:2239)
	at java.awt.Component.dispatchEventImpl(Component.java:4889)
	at java.awt.Container.dispatchEventImpl(Container.java:2297)
	at java.awt.Component.dispatchEvent(Component.java:4711)
	at java.awt.LightweightDispatcher.retargetMouseEvent(Container.java:4904)
	at java.awt.LightweightDispatcher.processMouseEvent(Container.java:4535)
	at java.awt.LightweightDispatcher.dispatchEvent(Container.java:4476)
	at java.awt.Container.dispatchEventImpl(Container.java:2283)
	at java.awt.Window.dispatchEventImpl(Window.java:2746)
	at java.awt.Component.dispatchEvent(Component.java:4711)
	at java.awt.EventQueue.dispatchEventImpl(EventQueue.java:760)
	at java.awt.EventQueue.access$500(EventQueue.java:97)
	at java.awt.EventQueue$3.run(EventQueue.java:709)
	at java.awt.EventQueue$3.run(EventQueue.java:703)
	at java.security.AccessController.doPrivileged(Native Method)
	at java.security.ProtectionDomain$JavaSecurityAccessImpl.doIntersectionPrivilege(ProtectionDomain.java:74)
	at java.security.ProtectionDomain$JavaSecurityAccessImpl.doIntersectionPrivilege(ProtectionDomain.java:84)
	at java.awt.EventQueue$4.run(EventQueue.java:733)
	at java.awt.EventQueue$4.run(EventQueue.java:731)
	at java.security.AccessController.doPrivileged(Native Method)
	at java.security.ProtectionDomain$JavaSecurityAccessImpl.doIntersectionPrivilege(ProtectionDomain.java:74)
	at java.awt.EventQueue.dispatchEvent(EventQueue.java:730)
	at java.awt.EventDispatchThread.pumpOneEventForFilters(EventDispatchThread.java:205)
	at java.awt.EventDispatchThread.pumpEventsForFilter(EventDispatchThread.java:116)
	at java.awt.EventDispatchThread.pumpEventsForHierarchy(EventDispatchThread.java:105)
	at java.awt.EventDispatchThread.pumpEvents(EventDispatchThread.java:101)
	at java.awt.EventDispatchThread.pumpEvents(EventDispatchThread.java:93)
	at java.awt.EventDispatchThread.run(EventDispatchThread.java:82)
Caused by: oracle.net.ns.NetException: The Network Adapter could not establish the connection
	at oracle.net.nt.ConnStrategy.execute(ConnStrategy.java:523)
	at oracle.net.resolver.AddrResolution.resolveAndExecute(AddrResolution.java:521)
	at oracle.net.ns.NSProtocol.establishConnection(NSProtocol.java:660)
	at oracle.net.ns.NSProtocol.connect(NSProtocol.java:286)
	at oracle.jdbc.driver.T4CConnection.connect(T4CConnection.java:1438)
	at oracle.jdbc.driver.T4CConnection.logon(T4CConnection.java:518)
	... 48 more
Caused by: java.io.IOException: Network is unreachable: connect, socket connect lapse 0 ms. /192.168.0.45 1521 0 1 true
	at oracle.net.nt.TcpNTAdapter.connect(TcpNTAdapter.java:209)
	at oracle.net.nt.ConnOption.connect(ConnOption.java:161)
	at oracle.net.nt.ConnStrategy.execute(ConnStrategy.java:470)
	... 53 more
Caused by: java.net.SocketException: Network is unreachable: connect
	at sun.nio.ch.Net.connect0(Native Method)
	at sun.nio.ch.Net.connect(Net.java:454)
	at sun.nio.ch.Net.connect(Net.java:446)
	at sun.nio.ch.SocketChannelImpl.connect(SocketChannelImpl.java:648)
	at java.nio.channels.SocketChannel.open(SocketChannel.java:189)
	at oracle.net.nt.TimeoutSocketChannel.<init>(TimeoutSocketChannel.java:81)
	at oracle.net.nt.TcpNTAdapter.connect(TcpNTAdapter.java:169)
	... 55 more
15:25:30,664 ERROR ExtracaoDAO:53 - Erro ao conectar com o Banco de Dados (ORACLE).
java.sql.SQLRecoverableException: Erro de ES: The Network Adapter could not establish the connection
	at oracle.jdbc.driver.T4CConnection.logon(T4CConnection.java:774)
	at oracle.jdbc.driver.PhysicalConnection.connect(PhysicalConnection.java:688)
	at oracle.jdbc.driver.T4CDriverExtension.getConnection(T4CDriverExtension.java:39)
	at oracle.jdbc.driver.OracleDriver.connect(OracleDriver.java:691)
	at java.sql.DriverManager.getConnection(DriverManager.java:664)
	at java.sql.DriverManager.getConnection(DriverManager.java:247)
	at br.com.martinello.bd.matriz.model.dao.Conexao.getConnection(Conexao.java:50)
	at br.com.martinello.bd.matriz.model.dao.UsuarioLoginDAO.UsuarioLogin(UsuarioLoginDAO.java:54)
	at br.com.martinello.bd.matriz.control.UsuarioController.login(UsuarioController.java:58)
	at br.com.martinello.sistema.view.TelaLogin.jlEntrarActionPerformed(TelaLogin.java:149)
	at br.com.martinello.sistema.view.TelaLogin.access$000(TelaLogin.java:30)
	at br.com.martinello.sistema.view.TelaLogin$1.actionPerformed(TelaLogin.java:78)
	at javax.swing.AbstractButton.fireActionPerformed(AbstractButton.java:2022)
	at javax.swing.AbstractButton$Handler.actionPerformed(AbstractButton.java:2348)
	at javax.swing.DefaultButtonModel.fireActionPerformed(DefaultButtonModel.java:402)
	at javax.swing.DefaultButtonModel.setPressed(DefaultButtonModel.java:259)
	at javax.swing.plaf.basic.BasicButtonListener.mouseReleased(BasicButtonListener.java:252)
	at com.jtattoo.plaf.BaseButtonListener.mouseReleased(BaseButtonListener.java:60)
	at java.awt.Component.processMouseEvent(Component.java:6539)
	at javax.swing.JComponent.processMouseEvent(JComponent.java:3324)
	at java.awt.Component.processEvent(Component.java:6304)
	at java.awt.Container.processEvent(Container.java:2239)
	at java.awt.Component.dispatchEventImpl(Component.java:4889)
	at java.awt.Container.dispatchEventImpl(Container.java:2297)
	at java.awt.Component.dispatchEvent(Component.java:4711)
	at java.awt.LightweightDispatcher.retargetMouseEvent(Container.java:4904)
	at java.awt.LightweightDispatcher.processMouseEvent(Container.java:4535)
	at java.awt.LightweightDispatcher.dispatchEvent(Container.java:4476)
	at java.awt.Container.dispatchEventImpl(Container.java:2283)
	at java.awt.Window.dispatchEventImpl(Window.java:2746)
	at java.awt.Component.dispatchEvent(Component.java:4711)
	at java.awt.EventQueue.dispatchEventImpl(EventQueue.java:760)
	at java.awt.EventQueue.access$500(EventQueue.java:97)
	at java.awt.EventQueue$3.run(EventQueue.java:709)
	at java.awt.EventQueue$3.run(EventQueue.java:703)
	at java.security.AccessController.doPrivileged(Native Method)
	at java.security.ProtectionDomain$JavaSecurityAccessImpl.doIntersectionPrivilege(ProtectionDomain.java:74)
	at java.security.ProtectionDomain$JavaSecurityAccessImpl.doIntersectionPrivilege(ProtectionDomain.java:84)
	at java.awt.EventQueue$4.run(EventQueue.java:733)
	at java.awt.EventQueue$4.run(EventQueue.java:731)
	at java.security.AccessController.doPrivileged(Native Method)
	at java.security.ProtectionDomain$JavaSecurityAccessImpl.doIntersectionPrivilege(ProtectionDomain.java:74)
	at java.awt.EventQueue.dispatchEvent(EventQueue.java:730)
	at java.awt.EventDispatchThread.pumpOneEventForFilters(EventDispatchThread.java:205)
	at java.awt.EventDispatchThread.pumpEventsForFilter(EventDispatchThread.java:116)
	at java.awt.EventDispatchThread.pumpEventsForHierarchy(EventDispatchThread.java:105)
	at java.awt.EventDispatchThread.pumpEvents(EventDispatchThread.java:101)
	at java.awt.EventDispatchThread.pumpEvents(EventDispatchThread.java:93)
	at java.awt.EventDispatchThread.run(EventDispatchThread.java:82)
Caused by: oracle.net.ns.NetException: The Network Adapter could not establish the connection
	at oracle.net.nt.ConnStrategy.execute(ConnStrategy.java:523)
	at oracle.net.resolver.AddrResolution.resolveAndExecute(AddrResolution.java:521)
	at oracle.net.ns.NSProtocol.establishConnection(NSProtocol.java:660)
	at oracle.net.ns.NSProtocol.connect(NSProtocol.java:286)
	at oracle.jdbc.driver.T4CConnection.connect(T4CConnection.java:1438)
	at oracle.jdbc.driver.T4CConnection.logon(T4CConnection.java:518)
	... 48 more
Caused by: java.io.IOException: Network is unreachable: connect, socket connect lapse 0 ms. /192.168.0.45 1521 0 1 true
	at oracle.net.nt.TcpNTAdapter.connect(TcpNTAdapter.java:209)
	at oracle.net.nt.ConnOption.connect(ConnOption.java:161)
	at oracle.net.nt.ConnStrategy.execute(ConnStrategy.java:470)
	... 53 more
Caused by: java.net.SocketException: Network is unreachable: connect
	at sun.nio.ch.Net.connect0(Native Method)
	at sun.nio.ch.Net.connect(Net.java:454)
	at sun.nio.ch.Net.connect(Net.java:446)
	at sun.nio.ch.SocketChannelImpl.connect(SocketChannelImpl.java:648)
	at java.nio.channels.SocketChannel.open(SocketChannel.java:189)
	at oracle.net.nt.TimeoutSocketChannel.<init>(TimeoutSocketChannel.java:81)
	at oracle.net.nt.TcpNTAdapter.connect(TcpNTAdapter.java:169)
	... 55 more
15:31:35,478 ERROR ExtracaoDAO:53 - Erro ao conectar com o Banco de Dados (ORACLE).
java.sql.SQLRecoverableException: Erro de ES: The Network Adapter could not establish the connection
	at oracle.jdbc.driver.T4CConnection.logon(T4CConnection.java:774)
	at oracle.jdbc.driver.PhysicalConnection.connect(PhysicalConnection.java:688)
	at oracle.jdbc.driver.T4CDriverExtension.getConnection(T4CDriverExtension.java:39)
	at oracle.jdbc.driver.OracleDriver.connect(OracleDriver.java:691)
	at java.sql.DriverManager.getConnection(DriverManager.java:664)
	at java.sql.DriverManager.getConnection(DriverManager.java:247)
	at br.com.martinello.bd.matriz.model.dao.Conexao.getConnection(Conexao.java:50)
	at br.com.martinello.bd.matriz.model.dao.UsuarioLoginDAO.UsuarioLogin(UsuarioLoginDAO.java:54)
	at br.com.martinello.bd.matriz.control.UsuarioController.login(UsuarioController.java:57)
	at br.com.martinello.sistema.view.TelaLogin.jlEntrarActionPerformed(TelaLogin.java:149)
	at br.com.martinello.sistema.view.TelaLogin.access$000(TelaLogin.java:30)
	at br.com.martinello.sistema.view.TelaLogin$1.actionPerformed(TelaLogin.java:78)
	at javax.swing.AbstractButton.fireActionPerformed(AbstractButton.java:2022)
	at javax.swing.AbstractButton$Handler.actionPerformed(AbstractButton.java:2348)
	at javax.swing.DefaultButtonModel.fireActionPerformed(DefaultButtonModel.java:402)
	at javax.swing.DefaultButtonModel.setPressed(DefaultButtonModel.java:259)
	at javax.swing.plaf.basic.BasicButtonListener.mouseReleased(BasicButtonListener.java:252)
	at com.jtattoo.plaf.BaseButtonListener.mouseReleased(BaseButtonListener.java:60)
	at java.awt.Component.processMouseEvent(Component.java:6539)
	at javax.swing.JComponent.processMouseEvent(JComponent.java:3324)
	at java.awt.Component.processEvent(Component.java:6304)
	at java.awt.Container.processEvent(Container.java:2239)
	at java.awt.Component.dispatchEventImpl(Component.java:4889)
	at java.awt.Container.dispatchEventImpl(Container.java:2297)
	at java.awt.Component.dispatchEvent(Component.java:4711)
	at java.awt.LightweightDispatcher.retargetMouseEvent(Container.java:4904)
	at java.awt.LightweightDispatcher.processMouseEvent(Container.java:4535)
	at java.awt.LightweightDispatcher.dispatchEvent(Container.java:4476)
	at java.awt.Container.dispatchEventImpl(Container.java:2283)
	at java.awt.Window.dispatchEventImpl(Window.java:2746)
	at java.awt.Component.dispatchEvent(Component.java:4711)
	at java.awt.EventQueue.dispatchEventImpl(EventQueue.java:760)
	at java.awt.EventQueue.access$500(EventQueue.java:97)
	at java.awt.EventQueue$3.run(EventQueue.java:709)
	at java.awt.EventQueue$3.run(EventQueue.java:703)
	at java.security.AccessController.doPrivileged(Native Method)
	at java.security.ProtectionDomain$JavaSecurityAccessImpl.doIntersectionPrivilege(ProtectionDomain.java:74)
	at java.security.ProtectionDomain$JavaSecurityAccessImpl.doIntersectionPrivilege(ProtectionDomain.java:84)
	at java.awt.EventQueue$4.run(EventQueue.java:733)
	at java.awt.EventQueue$4.run(EventQueue.java:731)
	at java.security.AccessController.doPrivileged(Native Method)
	at java.security.ProtectionDomain$JavaSecurityAccessImpl.doIntersectionPrivilege(ProtectionDomain.java:74)
	at java.awt.EventQueue.dispatchEvent(EventQueue.java:730)
	at java.awt.EventDispatchThread.pumpOneEventForFilters(EventDispatchThread.java:205)
	at java.awt.EventDispatchThread.pumpEventsForFilter(EventDispatchThread.java:116)
	at java.awt.EventDispatchThread.pumpEventsForHierarchy(EventDispatchThread.java:105)
	at java.awt.EventDispatchThread.pumpEvents(EventDispatchThread.java:101)
	at java.awt.EventDispatchThread.pumpEvents(EventDispatchThread.java:93)
	at java.awt.EventDispatchThread.run(EventDispatchThread.java:82)
Caused by: oracle.net.ns.NetException: The Network Adapter could not establish the connection
	at oracle.net.nt.ConnStrategy.execute(ConnStrategy.java:523)
	at oracle.net.resolver.AddrResolution.resolveAndExecute(AddrResolution.java:521)
	at oracle.net.ns.NSProtocol.establishConnection(NSProtocol.java:660)
	at oracle.net.ns.NSProtocol.connect(NSProtocol.java:286)
	at oracle.jdbc.driver.T4CConnection.connect(T4CConnection.java:1438)
	at oracle.jdbc.driver.T4CConnection.logon(T4CConnection.java:518)
	... 48 more
Caused by: java.io.IOException: Network is unreachable: connect, socket connect lapse 0 ms. /192.168.0.45 1521 0 1 true
	at oracle.net.nt.TcpNTAdapter.connect(TcpNTAdapter.java:209)
	at oracle.net.nt.ConnOption.connect(ConnOption.java:161)
	at oracle.net.nt.ConnStrategy.execute(ConnStrategy.java:470)
	... 53 more
Caused by: java.net.SocketException: Network is unreachable: connect
	at sun.nio.ch.Net.connect0(Native Method)
	at sun.nio.ch.Net.connect(Net.java:454)
	at sun.nio.ch.Net.connect(Net.java:446)
	at sun.nio.ch.SocketChannelImpl.connect(SocketChannelImpl.java:648)
	at java.nio.channels.SocketChannel.open(SocketChannel.java:189)
	at oracle.net.nt.TimeoutSocketChannel.<init>(TimeoutSocketChannel.java:81)
	at oracle.net.nt.TcpNTAdapter.connect(TcpNTAdapter.java:169)
	... 55 more
15:38:17,445 ERROR ExtracaoDAO:53 - Erro ao conectar com o Banco de Dados (ORACLE).
java.sql.SQLRecoverableException: Erro de ES: The Network Adapter could not establish the connection
	at oracle.jdbc.driver.T4CConnection.logon(T4CConnection.java:774)
	at oracle.jdbc.driver.PhysicalConnection.connect(PhysicalConnection.java:688)
	at oracle.jdbc.driver.T4CDriverExtension.getConnection(T4CDriverExtension.java:39)
	at oracle.jdbc.driver.OracleDriver.connect(OracleDriver.java:691)
	at java.sql.DriverManager.getConnection(DriverManager.java:664)
	at java.sql.DriverManager.getConnection(DriverManager.java:247)
	at br.com.martinello.bd.matriz.model.dao.Conexao.getConnection(Conexao.java:50)
	at br.com.martinello.bd.matriz.model.dao.UsuarioLoginDAO.UsuarioLogin(UsuarioLoginDAO.java:54)
	at br.com.martinello.bd.matriz.control.UsuarioController.login(UsuarioController.java:57)
	at br.com.martinello.sistema.view.TelaLogin.jlEntrarActionPerformed(TelaLogin.java:149)
	at br.com.martinello.sistema.view.TelaLogin.access$000(TelaLogin.java:30)
	at br.com.martinello.sistema.view.TelaLogin$1.actionPerformed(TelaLogin.java:78)
	at javax.swing.AbstractButton.fireActionPerformed(AbstractButton.java:2022)
	at javax.swing.AbstractButton$Handler.actionPerformed(AbstractButton.java:2348)
	at javax.swing.DefaultButtonModel.fireActionPerformed(DefaultButtonModel.java:402)
	at javax.swing.DefaultButtonModel.setPressed(DefaultButtonModel.java:259)
	at javax.swing.plaf.basic.BasicButtonListener.mouseReleased(BasicButtonListener.java:252)
	at com.jtattoo.plaf.BaseButtonListener.mouseReleased(BaseButtonListener.java:60)
	at java.awt.Component.processMouseEvent(Component.java:6539)
	at javax.swing.JComponent.processMouseEvent(JComponent.java:3324)
	at java.awt.Component.processEvent(Component.java:6304)
	at java.awt.Container.processEvent(Container.java:2239)
	at java.awt.Component.dispatchEventImpl(Component.java:4889)
	at java.awt.Container.dispatchEventImpl(Container.java:2297)
	at java.awt.Component.dispatchEvent(Component.java:4711)
	at java.awt.LightweightDispatcher.retargetMouseEvent(Container.java:4904)
	at java.awt.LightweightDispatcher.processMouseEvent(Container.java:4535)
	at java.awt.LightweightDispatcher.dispatchEvent(Container.java:4476)
	at java.awt.Container.dispatchEventImpl(Container.java:2283)
	at java.awt.Window.dispatchEventImpl(Window.java:2746)
	at java.awt.Component.dispatchEvent(Component.java:4711)
	at java.awt.EventQueue.dispatchEventImpl(EventQueue.java:760)
	at java.awt.EventQueue.access$500(EventQueue.java:97)
	at java.awt.EventQueue$3.run(EventQueue.java:709)
	at java.awt.EventQueue$3.run(EventQueue.java:703)
	at java.security.AccessController.doPrivileged(Native Method)
	at java.security.ProtectionDomain$JavaSecurityAccessImpl.doIntersectionPrivilege(ProtectionDomain.java:74)
	at java.security.ProtectionDomain$JavaSecurityAccessImpl.doIntersectionPrivilege(ProtectionDomain.java:84)
	at java.awt.EventQueue$4.run(EventQueue.java:733)
	at java.awt.EventQueue$4.run(EventQueue.java:731)
	at java.security.AccessController.doPrivileged(Native Method)
	at java.security.ProtectionDomain$JavaSecurityAccessImpl.doIntersectionPrivilege(ProtectionDomain.java:74)
	at java.awt.EventQueue.dispatchEvent(EventQueue.java:730)
	at java.awt.EventDispatchThread.pumpOneEventForFilters(EventDispatchThread.java:205)
	at java.awt.EventDispatchThread.pumpEventsForFilter(EventDispatchThread.java:116)
	at java.awt.EventDispatchThread.pumpEventsForHierarchy(EventDispatchThread.java:105)
	at java.awt.EventDispatchThread.pumpEvents(EventDispatchThread.java:101)
	at java.awt.EventDispatchThread.pumpEvents(EventDispatchThread.java:93)
	at java.awt.EventDispatchThread.run(EventDispatchThread.java:82)
Caused by: oracle.net.ns.NetException: The Network Adapter could not establish the connection
	at oracle.net.nt.ConnStrategy.execute(ConnStrategy.java:523)
	at oracle.net.resolver.AddrResolution.resolveAndExecute(AddrResolution.java:521)
	at oracle.net.ns.NSProtocol.establishConnection(NSProtocol.java:660)
	at oracle.net.ns.NSProtocol.connect(NSProtocol.java:286)
	at oracle.jdbc.driver.T4CConnection.connect(T4CConnection.java:1438)
	at oracle.jdbc.driver.T4CConnection.logon(T4CConnection.java:518)
	... 48 more
Caused by: java.io.IOException: Network is unreachable: connect, socket connect lapse 0 ms. /192.168.0.45 1521 0 1 true
	at oracle.net.nt.TcpNTAdapter.connect(TcpNTAdapter.java:209)
	at oracle.net.nt.ConnOption.connect(ConnOption.java:161)
	at oracle.net.nt.ConnStrategy.execute(ConnStrategy.java:470)
	... 53 more
Caused by: java.net.SocketException: Network is unreachable: connect
	at sun.nio.ch.Net.connect0(Native Method)
	at sun.nio.ch.Net.connect(Net.java:454)
	at sun.nio.ch.Net.connect(Net.java:446)
	at sun.nio.ch.SocketChannelImpl.connect(SocketChannelImpl.java:648)
	at java.nio.channels.SocketChannel.open(SocketChannel.java:189)
	at oracle.net.nt.TimeoutSocketChannel.<init>(TimeoutSocketChannel.java:81)
	at oracle.net.nt.TcpNTAdapter.connect(TcpNTAdapter.java:169)
	... 55 more
15:43:41,884 ERROR ExtracaoDAO:53 - Erro ao conectar com o Banco de Dados (ORACLE).
java.sql.SQLRecoverableException: Erro de ES: The Network Adapter could not establish the connection
	at oracle.jdbc.driver.T4CConnection.logon(T4CConnection.java:774)
	at oracle.jdbc.driver.PhysicalConnection.connect(PhysicalConnection.java:688)
	at oracle.jdbc.driver.T4CDriverExtension.getConnection(T4CDriverExtension.java:39)
	at oracle.jdbc.driver.OracleDriver.connect(OracleDriver.java:691)
	at java.sql.DriverManager.getConnection(DriverManager.java:664)
	at java.sql.DriverManager.getConnection(DriverManager.java:247)
	at br.com.martinello.bd.matriz.model.dao.Conexao.getConnection(Conexao.java:50)
	at br.com.martinello.bd.matriz.model.dao.UsuarioLoginDAO.UsuarioLogin(UsuarioLoginDAO.java:54)
	at br.com.martinello.bd.matriz.control.UsuarioController.login(UsuarioController.java:58)
	at br.com.martinello.sistema.view.TelaLogin.jlEntrarActionPerformed(TelaLogin.java:149)
	at br.com.martinello.sistema.view.TelaLogin.access$000(TelaLogin.java:30)
	at br.com.martinello.sistema.view.TelaLogin$1.actionPerformed(TelaLogin.java:78)
	at javax.swing.AbstractButton.fireActionPerformed(AbstractButton.java:2022)
	at javax.swing.AbstractButton$Handler.actionPerformed(AbstractButton.java:2348)
	at javax.swing.DefaultButtonModel.fireActionPerformed(DefaultButtonModel.java:402)
	at javax.swing.DefaultButtonModel.setPressed(DefaultButtonModel.java:259)
	at javax.swing.plaf.basic.BasicButtonListener.mouseReleased(BasicButtonListener.java:252)
	at com.jtattoo.plaf.BaseButtonListener.mouseReleased(BaseButtonListener.java:60)
	at java.awt.Component.processMouseEvent(Component.java:6539)
	at javax.swing.JComponent.processMouseEvent(JComponent.java:3324)
	at java.awt.Component.processEvent(Component.java:6304)
	at java.awt.Container.processEvent(Container.java:2239)
	at java.awt.Component.dispatchEventImpl(Component.java:4889)
	at java.awt.Container.dispatchEventImpl(Container.java:2297)
	at java.awt.Component.dispatchEvent(Component.java:4711)
	at java.awt.LightweightDispatcher.retargetMouseEvent(Container.java:4904)
	at java.awt.LightweightDispatcher.processMouseEvent(Container.java:4535)
	at java.awt.LightweightDispatcher.dispatchEvent(Container.java:4476)
	at java.awt.Container.dispatchEventImpl(Container.java:2283)
	at java.awt.Window.dispatchEventImpl(Window.java:2746)
	at java.awt.Component.dispatchEvent(Component.java:4711)
	at java.awt.EventQueue.dispatchEventImpl(EventQueue.java:760)
	at java.awt.EventQueue.access$500(EventQueue.java:97)
	at java.awt.EventQueue$3.run(EventQueue.java:709)
	at java.awt.EventQueue$3.run(EventQueue.java:703)
	at java.security.AccessController.doPrivileged(Native Method)
	at java.security.ProtectionDomain$JavaSecurityAccessImpl.doIntersectionPrivilege(ProtectionDomain.java:74)
	at java.security.ProtectionDomain$JavaSecurityAccessImpl.doIntersectionPrivilege(ProtectionDomain.java:84)
	at java.awt.EventQueue$4.run(EventQueue.java:733)
	at java.awt.EventQueue$4.run(EventQueue.java:731)
	at java.security.AccessController.doPrivileged(Native Method)
	at java.security.ProtectionDomain$JavaSecurityAccessImpl.doIntersectionPrivilege(ProtectionDomain.java:74)
	at java.awt.EventQueue.dispatchEvent(EventQueue.java:730)
	at java.awt.EventDispatchThread.pumpOneEventForFilters(EventDispatchThread.java:205)
	at java.awt.EventDispatchThread.pumpEventsForFilter(EventDispatchThread.java:116)
	at java.awt.EventDispatchThread.pumpEventsForHierarchy(EventDispatchThread.java:105)
	at java.awt.EventDispatchThread.pumpEvents(EventDispatchThread.java:101)
	at java.awt.EventDispatchThread.pumpEvents(EventDispatchThread.java:93)
	at java.awt.EventDispatchThread.run(EventDispatchThread.java:82)
Caused by: oracle.net.ns.NetException: The Network Adapter could not establish the connection
	at oracle.net.nt.ConnStrategy.execute(ConnStrategy.java:523)
	at oracle.net.resolver.AddrResolution.resolveAndExecute(AddrResolution.java:521)
	at oracle.net.ns.NSProtocol.establishConnection(NSProtocol.java:660)
	at oracle.net.ns.NSProtocol.connect(NSProtocol.java:286)
	at oracle.jdbc.driver.T4CConnection.connect(T4CConnection.java:1438)
	at oracle.jdbc.driver.T4CConnection.logon(T4CConnection.java:518)
	... 48 more
Caused by: java.io.IOException: Network is unreachable: connect, socket connect lapse 0 ms. /192.168.0.45 1521 0 1 true
	at oracle.net.nt.TcpNTAdapter.connect(TcpNTAdapter.java:209)
	at oracle.net.nt.ConnOption.connect(ConnOption.java:161)
	at oracle.net.nt.ConnStrategy.execute(ConnStrategy.java:470)
	... 53 more
Caused by: java.net.SocketException: Network is unreachable: connect
	at sun.nio.ch.Net.connect0(Native Method)
	at sun.nio.ch.Net.connect(Net.java:454)
	at sun.nio.ch.Net.connect(Net.java:446)
	at sun.nio.ch.SocketChannelImpl.connect(SocketChannelImpl.java:648)
	at java.nio.channels.SocketChannel.open(SocketChannel.java:189)
	at oracle.net.nt.TimeoutSocketChannel.<init>(TimeoutSocketChannel.java:81)
	at oracle.net.nt.TcpNTAdapter.connect(TcpNTAdapter.java:169)
	... 55 more
15:46:52,460 ERROR ExtracaoDAO:51 - Erro ao conectar com o Banco de Dados (ORACLE).
java.sql.SQLRecoverableException: Erro de ES: The Network Adapter could not establish the connection
	at oracle.jdbc.driver.T4CConnection.logon(T4CConnection.java:774)
	at oracle.jdbc.driver.PhysicalConnection.connect(PhysicalConnection.java:688)
	at oracle.jdbc.driver.T4CDriverExtension.getConnection(T4CDriverExtension.java:39)
	at oracle.jdbc.driver.OracleDriver.connect(OracleDriver.java:691)
	at java.sql.DriverManager.getConnection(DriverManager.java:664)
	at java.sql.DriverManager.getConnection(DriverManager.java:247)
	at br.com.martinello.bd.matriz.model.dao.Conexao.getConnection(Conexao.java:48)
	at br.com.martinello.bd.matriz.model.dao.UsuarioLoginDAO.UsuarioLogin(UsuarioLoginDAO.java:54)
	at br.com.martinello.bd.matriz.control.UsuarioController.login(UsuarioController.java:58)
	at br.com.martinello.sistema.view.TelaLogin.jlEntrarActionPerformed(TelaLogin.java:149)
	at br.com.martinello.sistema.view.TelaLogin.access$000(TelaLogin.java:30)
	at br.com.martinello.sistema.view.TelaLogin$1.actionPerformed(TelaLogin.java:78)
	at javax.swing.AbstractButton.fireActionPerformed(AbstractButton.java:2022)
	at javax.swing.AbstractButton$Handler.actionPerformed(AbstractButton.java:2348)
	at javax.swing.DefaultButtonModel.fireActionPerformed(DefaultButtonModel.java:402)
	at javax.swing.DefaultButtonModel.setPressed(DefaultButtonModel.java:259)
	at javax.swing.plaf.basic.BasicButtonListener.mouseReleased(BasicButtonListener.java:252)
	at com.jtattoo.plaf.BaseButtonListener.mouseReleased(BaseButtonListener.java:60)
	at java.awt.Component.processMouseEvent(Component.java:6539)
	at javax.swing.JComponent.processMouseEvent(JComponent.java:3324)
	at java.awt.Component.processEvent(Component.java:6304)
	at java.awt.Container.processEvent(Container.java:2239)
	at java.awt.Component.dispatchEventImpl(Component.java:4889)
	at java.awt.Container.dispatchEventImpl(Container.java:2297)
	at java.awt.Component.dispatchEvent(Component.java:4711)
	at java.awt.LightweightDispatcher.retargetMouseEvent(Container.java:4904)
	at java.awt.LightweightDispatcher.processMouseEvent(Container.java:4535)
	at java.awt.LightweightDispatcher.dispatchEvent(Container.java:4476)
	at java.awt.Container.dispatchEventImpl(Container.java:2283)
	at java.awt.Window.dispatchEventImpl(Window.java:2746)
	at java.awt.Component.dispatchEvent(Component.java:4711)
	at java.awt.EventQueue.dispatchEventImpl(EventQueue.java:760)
	at java.awt.EventQueue.access$500(EventQueue.java:97)
	at java.awt.EventQueue$3.run(EventQueue.java:709)
	at java.awt.EventQueue$3.run(EventQueue.java:703)
	at java.security.AccessController.doPrivileged(Native Method)
	at java.security.ProtectionDomain$JavaSecurityAccessImpl.doIntersectionPrivilege(ProtectionDomain.java:74)
	at java.security.ProtectionDomain$JavaSecurityAccessImpl.doIntersectionPrivilege(ProtectionDomain.java:84)
	at java.awt.EventQueue$4.run(EventQueue.java:733)
	at java.awt.EventQueue$4.run(EventQueue.java:731)
	at java.security.AccessController.doPrivileged(Native Method)
	at java.security.ProtectionDomain$JavaSecurityAccessImpl.doIntersectionPrivilege(ProtectionDomain.java:74)
	at java.awt.EventQueue.dispatchEvent(EventQueue.java:730)
	at java.awt.EventDispatchThread.pumpOneEventForFilters(EventDispatchThread.java:205)
	at java.awt.EventDispatchThread.pumpEventsForFilter(EventDispatchThread.java:116)
	at java.awt.EventDispatchThread.pumpEventsForHierarchy(EventDispatchThread.java:105)
	at java.awt.EventDispatchThread.pumpEvents(EventDispatchThread.java:101)
	at java.awt.EventDispatchThread.pumpEvents(EventDispatchThread.java:93)
	at java.awt.EventDispatchThread.run(EventDispatchThread.java:82)
Caused by: oracle.net.ns.NetException: The Network Adapter could not establish the connection
	at oracle.net.nt.ConnStrategy.execute(ConnStrategy.java:523)
	at oracle.net.resolver.AddrResolution.resolveAndExecute(AddrResolution.java:521)
	at oracle.net.ns.NSProtocol.establishConnection(NSProtocol.java:660)
	at oracle.net.ns.NSProtocol.connect(NSProtocol.java:286)
	at oracle.jdbc.driver.T4CConnection.connect(T4CConnection.java:1438)
	at oracle.jdbc.driver.T4CConnection.logon(T4CConnection.java:518)
	... 48 more
Caused by: java.io.IOException: Network is unreachable: connect, socket connect lapse 0 ms. /192.168.0.45 1521 0 1 true
	at oracle.net.nt.TcpNTAdapter.connect(TcpNTAdapter.java:209)
	at oracle.net.nt.ConnOption.connect(ConnOption.java:161)
	at oracle.net.nt.ConnStrategy.execute(ConnStrategy.java:470)
	... 53 more
Caused by: java.net.SocketException: Network is unreachable: connect
	at sun.nio.ch.Net.connect0(Native Method)
	at sun.nio.ch.Net.connect(Net.java:454)
	at sun.nio.ch.Net.connect(Net.java:446)
	at sun.nio.ch.SocketChannelImpl.connect(SocketChannelImpl.java:648)
	at java.nio.channels.SocketChannel.open(SocketChannel.java:189)
	at oracle.net.nt.TimeoutSocketChannel.<init>(TimeoutSocketChannel.java:81)
	at oracle.net.nt.TcpNTAdapter.connect(TcpNTAdapter.java:169)
	... 55 more
15:49:13,044 ERROR ExtracaoDAO:51 - Erro ao conectar com o Banco de Dados (ORACLE).
java.sql.SQLRecoverableException: Erro de ES: The Network Adapter could not establish the connection
	at oracle.jdbc.driver.T4CConnection.logon(T4CConnection.java:774)
	at oracle.jdbc.driver.PhysicalConnection.connect(PhysicalConnection.java:688)
	at oracle.jdbc.driver.T4CDriverExtension.getConnection(T4CDriverExtension.java:39)
	at oracle.jdbc.driver.OracleDriver.connect(OracleDriver.java:691)
	at java.sql.DriverManager.getConnection(DriverManager.java:664)
	at java.sql.DriverManager.getConnection(DriverManager.java:247)
	at br.com.martinello.bd.matriz.model.dao.Conexao.getConnection(Conexao.java:48)
	at br.com.martinello.bd.matriz.model.dao.UsuarioLoginDAO.UsuarioLogin(UsuarioLoginDAO.java:54)
	at br.com.martinello.bd.matriz.control.UsuarioController.login(UsuarioController.java:58)
	at br.com.martinello.sistema.view.TelaLogin.jlEntrarActionPerformed(TelaLogin.java:149)
	at br.com.martinello.sistema.view.TelaLogin.access$000(TelaLogin.java:30)
	at br.com.martinello.sistema.view.TelaLogin$1.actionPerformed(TelaLogin.java:78)
	at javax.swing.AbstractButton.fireActionPerformed(AbstractButton.java:2022)
	at javax.swing.AbstractButton$Handler.actionPerformed(AbstractButton.java:2348)
	at javax.swing.DefaultButtonModel.fireActionPerformed(DefaultButtonModel.java:402)
	at javax.swing.DefaultButtonModel.setPressed(DefaultButtonModel.java:259)
	at javax.swing.plaf.basic.BasicButtonListener.mouseReleased(BasicButtonListener.java:252)
	at com.jtattoo.plaf.BaseButtonListener.mouseReleased(BaseButtonListener.java:60)
	at java.awt.Component.processMouseEvent(Component.java:6539)
	at javax.swing.JComponent.processMouseEvent(JComponent.java:3324)
	at java.awt.Component.processEvent(Component.java:6304)
	at java.awt.Container.processEvent(Container.java:2239)
	at java.awt.Component.dispatchEventImpl(Component.java:4889)
	at java.awt.Container.dispatchEventImpl(Container.java:2297)
	at java.awt.Component.dispatchEvent(Component.java:4711)
	at java.awt.LightweightDispatcher.retargetMouseEvent(Container.java:4904)
	at java.awt.LightweightDispatcher.processMouseEvent(Container.java:4535)
	at java.awt.LightweightDispatcher.dispatchEvent(Container.java:4476)
	at java.awt.Container.dispatchEventImpl(Container.java:2283)
	at java.awt.Window.dispatchEventImpl(Window.java:2746)
	at java.awt.Component.dispatchEvent(Component.java:4711)
	at java.awt.EventQueue.dispatchEventImpl(EventQueue.java:760)
	at java.awt.EventQueue.access$500(EventQueue.java:97)
	at java.awt.EventQueue$3.run(EventQueue.java:709)
	at java.awt.EventQueue$3.run(EventQueue.java:703)
	at java.security.AccessController.doPrivileged(Native Method)
	at java.security.ProtectionDomain$JavaSecurityAccessImpl.doIntersectionPrivilege(ProtectionDomain.java:74)
	at java.security.ProtectionDomain$JavaSecurityAccessImpl.doIntersectionPrivilege(ProtectionDomain.java:84)
	at java.awt.EventQueue$4.run(EventQueue.java:733)
	at java.awt.EventQueue$4.run(EventQueue.java:731)
	at java.security.AccessController.doPrivileged(Native Method)
	at java.security.ProtectionDomain$JavaSecurityAccessImpl.doIntersectionPrivilege(ProtectionDomain.java:74)
	at java.awt.EventQueue.dispatchEvent(EventQueue.java:730)
	at java.awt.EventDispatchThread.pumpOneEventForFilters(EventDispatchThread.java:205)
	at java.awt.EventDispatchThread.pumpEventsForFilter(EventDispatchThread.java:116)
	at java.awt.EventDispatchThread.pumpEventsForHierarchy(EventDispatchThread.java:105)
	at java.awt.EventDispatchThread.pumpEvents(EventDispatchThread.java:101)
	at java.awt.EventDispatchThread.pumpEvents(EventDispatchThread.java:93)
	at java.awt.EventDispatchThread.run(EventDispatchThread.java:82)
Caused by: oracle.net.ns.NetException: The Network Adapter could not establish the connection
	at oracle.net.nt.ConnStrategy.execute(ConnStrategy.java:523)
	at oracle.net.resolver.AddrResolution.resolveAndExecute(AddrResolution.java:521)
	at oracle.net.ns.NSProtocol.establishConnection(NSProtocol.java:660)
	at oracle.net.ns.NSProtocol.connect(NSProtocol.java:286)
	at oracle.jdbc.driver.T4CConnection.connect(T4CConnection.java:1438)
	at oracle.jdbc.driver.T4CConnection.logon(T4CConnection.java:518)
	... 48 more
Caused by: java.io.IOException: Network is unreachable: connect, socket connect lapse 0 ms. /192.168.0.45 1521 0 1 true
	at oracle.net.nt.TcpNTAdapter.connect(TcpNTAdapter.java:209)
	at oracle.net.nt.ConnOption.connect(ConnOption.java:161)
	at oracle.net.nt.ConnStrategy.execute(ConnStrategy.java:470)
	... 53 more
Caused by: java.net.SocketException: Network is unreachable: connect
	at sun.nio.ch.Net.connect0(Native Method)
	at sun.nio.ch.Net.connect(Net.java:454)
	at sun.nio.ch.Net.connect(Net.java:446)
	at sun.nio.ch.SocketChannelImpl.connect(SocketChannelImpl.java:648)
	at java.nio.channels.SocketChannel.open(SocketChannel.java:189)
	at oracle.net.nt.TimeoutSocketChannel.<init>(TimeoutSocketChannel.java:81)
	at oracle.net.nt.TcpNTAdapter.connect(TcpNTAdapter.java:169)
	... 55 more
15:49:17,023 ERROR ExtracaoDAO:51 - Erro ao conectar com o Banco de Dados (ORACLE).
java.sql.SQLRecoverableException: Erro de ES: The Network Adapter could not establish the connection
	at oracle.jdbc.driver.T4CConnection.logon(T4CConnection.java:774)
	at oracle.jdbc.driver.PhysicalConnection.connect(PhysicalConnection.java:688)
	at oracle.jdbc.driver.T4CDriverExtension.getConnection(T4CDriverExtension.java:39)
	at oracle.jdbc.driver.OracleDriver.connect(OracleDriver.java:691)
	at java.sql.DriverManager.getConnection(DriverManager.java:664)
	at java.sql.DriverManager.getConnection(DriverManager.java:247)
	at br.com.martinello.bd.matriz.model.dao.Conexao.getConnection(Conexao.java:48)
	at br.com.martinello.bd.matriz.model.dao.UsuarioLoginDAO.UsuarioLogin(UsuarioLoginDAO.java:54)
	at br.com.martinello.bd.matriz.control.UsuarioController.login(UsuarioController.java:58)
	at br.com.martinello.sistema.view.TelaLogin.jlEntrarActionPerformed(TelaLogin.java:149)
	at br.com.martinello.sistema.view.TelaLogin.access$000(TelaLogin.java:30)
	at br.com.martinello.sistema.view.TelaLogin$1.actionPerformed(TelaLogin.java:78)
	at javax.swing.AbstractButton.fireActionPerformed(AbstractButton.java:2022)
	at javax.swing.AbstractButton$Handler.actionPerformed(AbstractButton.java:2348)
	at javax.swing.DefaultButtonModel.fireActionPerformed(DefaultButtonModel.java:402)
	at javax.swing.DefaultButtonModel.setPressed(DefaultButtonModel.java:259)
	at javax.swing.plaf.basic.BasicButtonListener.mouseReleased(BasicButtonListener.java:252)
	at com.jtattoo.plaf.BaseButtonListener.mouseReleased(BaseButtonListener.java:60)
	at java.awt.Component.processMouseEvent(Component.java:6539)
	at javax.swing.JComponent.processMouseEvent(JComponent.java:3324)
	at java.awt.Component.processEvent(Component.java:6304)
	at java.awt.Container.processEvent(Container.java:2239)
	at java.awt.Component.dispatchEventImpl(Component.java:4889)
	at java.awt.Container.dispatchEventImpl(Container.java:2297)
	at java.awt.Component.dispatchEvent(Component.java:4711)
	at java.awt.LightweightDispatcher.retargetMouseEvent(Container.java:4904)
	at java.awt.LightweightDispatcher.processMouseEvent(Container.java:4535)
	at java.awt.LightweightDispatcher.dispatchEvent(Container.java:4476)
	at java.awt.Container.dispatchEventImpl(Container.java:2283)
	at java.awt.Window.dispatchEventImpl(Window.java:2746)
	at java.awt.Component.dispatchEvent(Component.java:4711)
	at java.awt.EventQueue.dispatchEventImpl(EventQueue.java:760)
	at java.awt.EventQueue.access$500(EventQueue.java:97)
	at java.awt.EventQueue$3.run(EventQueue.java:709)
	at java.awt.EventQueue$3.run(EventQueue.java:703)
	at java.security.AccessController.doPrivileged(Native Method)
	at java.security.ProtectionDomain$JavaSecurityAccessImpl.doIntersectionPrivilege(ProtectionDomain.java:74)
	at java.security.ProtectionDomain$JavaSecurityAccessImpl.doIntersectionPrivilege(ProtectionDomain.java:84)
	at java.awt.EventQueue$4.run(EventQueue.java:733)
	at java.awt.EventQueue$4.run(EventQueue.java:731)
	at java.security.AccessController.doPrivileged(Native Method)
	at java.security.ProtectionDomain$JavaSecurityAccessImpl.doIntersectionPrivilege(ProtectionDomain.java:74)
	at java.awt.EventQueue.dispatchEvent(EventQueue.java:730)
	at java.awt.EventDispatchThread.pumpOneEventForFilters(EventDispatchThread.java:205)
	at java.awt.EventDispatchThread.pumpEventsForFilter(EventDispatchThread.java:116)
	at java.awt.EventDispatchThread.pumpEventsForHierarchy(EventDispatchThread.java:105)
	at java.awt.EventDispatchThread.pumpEvents(EventDispatchThread.java:101)
	at java.awt.EventDispatchThread.pumpEvents(EventDispatchThread.java:93)
	at java.awt.EventDispatchThread.run(EventDispatchThread.java:82)
Caused by: oracle.net.ns.NetException: The Network Adapter could not establish the connection
	at oracle.net.nt.ConnStrategy.execute(ConnStrategy.java:523)
	at oracle.net.resolver.AddrResolution.resolveAndExecute(AddrResolution.java:521)
	at oracle.net.ns.NSProtocol.establishConnection(NSProtocol.java:660)
	at oracle.net.ns.NSProtocol.connect(NSProtocol.java:286)
	at oracle.jdbc.driver.T4CConnection.connect(T4CConnection.java:1438)
	at oracle.jdbc.driver.T4CConnection.logon(T4CConnection.java:518)
	... 48 more
Caused by: java.io.IOException: Network is unreachable: connect, socket connect lapse 0 ms. /192.168.0.45 1521 0 1 true
	at oracle.net.nt.TcpNTAdapter.connect(TcpNTAdapter.java:209)
	at oracle.net.nt.ConnOption.connect(ConnOption.java:161)
	at oracle.net.nt.ConnStrategy.execute(ConnStrategy.java:470)
	... 53 more
Caused by: java.net.SocketException: Network is unreachable: connect
	at sun.nio.ch.Net.connect0(Native Method)
	at sun.nio.ch.Net.connect(Net.java:454)
	at sun.nio.ch.Net.connect(Net.java:446)
	at sun.nio.ch.SocketChannelImpl.connect(SocketChannelImpl.java:648)
	at java.nio.channels.SocketChannel.open(SocketChannel.java:189)
	at oracle.net.nt.TimeoutSocketChannel.<init>(TimeoutSocketChannel.java:81)
	at oracle.net.nt.TcpNTAdapter.connect(TcpNTAdapter.java:169)
	... 55 more
15:49:23,741 ERROR ExtracaoDAO:51 - Erro ao conectar com o Banco de Dados (ORACLE).
java.sql.SQLRecoverableException: Erro de ES: The Network Adapter could not establish the connection
	at oracle.jdbc.driver.T4CConnection.logon(T4CConnection.java:774)
	at oracle.jdbc.driver.PhysicalConnection.connect(PhysicalConnection.java:688)
	at oracle.jdbc.driver.T4CDriverExtension.getConnection(T4CDriverExtension.java:39)
	at oracle.jdbc.driver.OracleDriver.connect(OracleDriver.java:691)
	at java.sql.DriverManager.getConnection(DriverManager.java:664)
	at java.sql.DriverManager.getConnection(DriverManager.java:247)
	at br.com.martinello.bd.matriz.model.dao.Conexao.getConnection(Conexao.java:48)
	at br.com.martinello.bd.matriz.model.dao.UsuarioLoginDAO.UsuarioLogin(UsuarioLoginDAO.java:54)
	at br.com.martinello.bd.matriz.control.UsuarioController.login(UsuarioController.java:58)
	at br.com.martinello.sistema.view.TelaLogin.jlEntrarActionPerformed(TelaLogin.java:149)
	at br.com.martinello.sistema.view.TelaLogin.access$000(TelaLogin.java:30)
	at br.com.martinello.sistema.view.TelaLogin$1.actionPerformed(TelaLogin.java:78)
	at javax.swing.AbstractButton.fireActionPerformed(AbstractButton.java:2022)
	at javax.swing.AbstractButton$Handler.actionPerformed(AbstractButton.java:2348)
	at javax.swing.DefaultButtonModel.fireActionPerformed(DefaultButtonModel.java:402)
	at javax.swing.DefaultButtonModel.setPressed(DefaultButtonModel.java:259)
	at javax.swing.plaf.basic.BasicButtonListener.mouseReleased(BasicButtonListener.java:252)
	at com.jtattoo.plaf.BaseButtonListener.mouseReleased(BaseButtonListener.java:60)
	at java.awt.Component.processMouseEvent(Component.java:6539)
	at javax.swing.JComponent.processMouseEvent(JComponent.java:3324)
	at java.awt.Component.processEvent(Component.java:6304)
	at java.awt.Container.processEvent(Container.java:2239)
	at java.awt.Component.dispatchEventImpl(Component.java:4889)
	at java.awt.Container.dispatchEventImpl(Container.java:2297)
	at java.awt.Component.dispatchEvent(Component.java:4711)
	at java.awt.LightweightDispatcher.retargetMouseEvent(Container.java:4904)
	at java.awt.LightweightDispatcher.processMouseEvent(Container.java:4535)
	at java.awt.LightweightDispatcher.dispatchEvent(Container.java:4476)
	at java.awt.Container.dispatchEventImpl(Container.java:2283)
	at java.awt.Window.dispatchEventImpl(Window.java:2746)
	at java.awt.Component.dispatchEvent(Component.java:4711)
	at java.awt.EventQueue.dispatchEventImpl(EventQueue.java:760)
	at java.awt.EventQueue.access$500(EventQueue.java:97)
	at java.awt.EventQueue$3.run(EventQueue.java:709)
	at java.awt.EventQueue$3.run(EventQueue.java:703)
	at java.security.AccessController.doPrivileged(Native Method)
	at java.security.ProtectionDomain$JavaSecurityAccessImpl.doIntersectionPrivilege(ProtectionDomain.java:74)
	at java.security.ProtectionDomain$JavaSecurityAccessImpl.doIntersectionPrivilege(ProtectionDomain.java:84)
	at java.awt.EventQueue$4.run(EventQueue.java:733)
	at java.awt.EventQueue$4.run(EventQueue.java:731)
	at java.security.AccessController.doPrivileged(Native Method)
	at java.security.ProtectionDomain$JavaSecurityAccessImpl.doIntersectionPrivilege(ProtectionDomain.java:74)
	at java.awt.EventQueue.dispatchEvent(EventQueue.java:730)
	at java.awt.EventDispatchThread.pumpOneEventForFilters(EventDispatchThread.java:205)
	at java.awt.EventDispatchThread.pumpEventsForFilter(EventDispatchThread.java:116)
	at java.awt.EventDispatchThread.pumpEventsForHierarchy(EventDispatchThread.java:105)
	at java.awt.EventDispatchThread.pumpEvents(EventDispatchThread.java:101)
	at java.awt.EventDispatchThread.pumpEvents(EventDispatchThread.java:93)
	at java.awt.EventDispatchThread.run(EventDispatchThread.java:82)
Caused by: oracle.net.ns.NetException: The Network Adapter could not establish the connection
	at oracle.net.nt.ConnStrategy.execute(ConnStrategy.java:523)
	at oracle.net.resolver.AddrResolution.resolveAndExecute(AddrResolution.java:521)
	at oracle.net.ns.NSProtocol.establishConnection(NSProtocol.java:660)
	at oracle.net.ns.NSProtocol.connect(NSProtocol.java:286)
	at oracle.jdbc.driver.T4CConnection.connect(T4CConnection.java:1438)
	at oracle.jdbc.driver.T4CConnection.logon(T4CConnection.java:518)
	... 48 more
Caused by: java.io.IOException: Network is unreachable: connect, socket connect lapse 0 ms. /192.168.0.45 1521 0 1 true
	at oracle.net.nt.TcpNTAdapter.connect(TcpNTAdapter.java:209)
	at oracle.net.nt.ConnOption.connect(ConnOption.java:161)
	at oracle.net.nt.ConnStrategy.execute(ConnStrategy.java:470)
	... 53 more
Caused by: java.net.SocketException: Network is unreachable: connect
	at sun.nio.ch.Net.connect0(Native Method)
	at sun.nio.ch.Net.connect(Net.java:454)
	at sun.nio.ch.Net.connect(Net.java:446)
	at sun.nio.ch.SocketChannelImpl.connect(SocketChannelImpl.java:648)
	at java.nio.channels.SocketChannel.open(SocketChannel.java:189)
	at oracle.net.nt.TimeoutSocketChannel.<init>(TimeoutSocketChannel.java:81)
	at oracle.net.nt.TcpNTAdapter.connect(TcpNTAdapter.java:169)
	... 55 more
15:50:04,720 ERROR ExtracaoDAO:51 - Erro ao conectar com o Banco de Dados (ORACLE).
java.sql.SQLRecoverableException: Erro de ES: The Network Adapter could not establish the connection
	at oracle.jdbc.driver.T4CConnection.logon(T4CConnection.java:774)
	at oracle.jdbc.driver.PhysicalConnection.connect(PhysicalConnection.java:688)
	at oracle.jdbc.driver.T4CDriverExtension.getConnection(T4CDriverExtension.java:39)
	at oracle.jdbc.driver.OracleDriver.connect(OracleDriver.java:691)
	at java.sql.DriverManager.getConnection(DriverManager.java:664)
	at java.sql.DriverManager.getConnection(DriverManager.java:247)
	at br.com.martinello.bd.matriz.model.dao.Conexao.getConnection(Conexao.java:48)
	at br.com.martinello.bd.matriz.model.dao.UsuarioLoginDAO.UsuarioLogin(UsuarioLoginDAO.java:54)
	at br.com.martinello.bd.matriz.control.UsuarioController.login(UsuarioController.java:58)
	at br.com.martinello.sistema.view.TelaLogin.jlEntrarActionPerformed(TelaLogin.java:149)
	at br.com.martinello.sistema.view.TelaLogin.access$000(TelaLogin.java:30)
	at br.com.martinello.sistema.view.TelaLogin$1.actionPerformed(TelaLogin.java:78)
	at javax.swing.AbstractButton.fireActionPerformed(AbstractButton.java:2022)
	at javax.swing.AbstractButton$Handler.actionPerformed(AbstractButton.java:2348)
	at javax.swing.DefaultButtonModel.fireActionPerformed(DefaultButtonModel.java:402)
	at javax.swing.DefaultButtonModel.setPressed(DefaultButtonModel.java:259)
	at javax.swing.plaf.basic.BasicButtonListener.mouseReleased(BasicButtonListener.java:252)
	at com.jtattoo.plaf.BaseButtonListener.mouseReleased(BaseButtonListener.java:60)
	at java.awt.Component.processMouseEvent(Component.java:6539)
	at javax.swing.JComponent.processMouseEvent(JComponent.java:3324)
	at java.awt.Component.processEvent(Component.java:6304)
	at java.awt.Container.processEvent(Container.java:2239)
	at java.awt.Component.dispatchEventImpl(Component.java:4889)
	at java.awt.Container.dispatchEventImpl(Container.java:2297)
	at java.awt.Component.dispatchEvent(Component.java:4711)
	at java.awt.LightweightDispatcher.retargetMouseEvent(Container.java:4904)
	at java.awt.LightweightDispatcher.processMouseEvent(Container.java:4535)
	at java.awt.LightweightDispatcher.dispatchEvent(Container.java:4476)
	at java.awt.Container.dispatchEventImpl(Container.java:2283)
	at java.awt.Window.dispatchEventImpl(Window.java:2746)
	at java.awt.Component.dispatchEvent(Component.java:4711)
	at java.awt.EventQueue.dispatchEventImpl(EventQueue.java:760)
	at java.awt.EventQueue.access$500(EventQueue.java:97)
	at java.awt.EventQueue$3.run(EventQueue.java:709)
	at java.awt.EventQueue$3.run(EventQueue.java:703)
	at java.security.AccessController.doPrivileged(Native Method)
	at java.security.ProtectionDomain$JavaSecurityAccessImpl.doIntersectionPrivilege(ProtectionDomain.java:74)
	at java.security.ProtectionDomain$JavaSecurityAccessImpl.doIntersectionPrivilege(ProtectionDomain.java:84)
	at java.awt.EventQueue$4.run(EventQueue.java:733)
	at java.awt.EventQueue$4.run(EventQueue.java:731)
	at java.security.AccessController.doPrivileged(Native Method)
	at java.security.ProtectionDomain$JavaSecurityAccessImpl.doIntersectionPrivilege(ProtectionDomain.java:74)
	at java.awt.EventQueue.dispatchEvent(EventQueue.java:730)
	at java.awt.EventDispatchThread.pumpOneEventForFilters(EventDispatchThread.java:205)
	at java.awt.EventDispatchThread.pumpEventsForFilter(EventDispatchThread.java:116)
	at java.awt.EventDispatchThread.pumpEventsForHierarchy(EventDispatchThread.java:105)
	at java.awt.EventDispatchThread.pumpEvents(EventDispatchThread.java:101)
	at java.awt.EventDispatchThread.pumpEvents(EventDispatchThread.java:93)
	at java.awt.EventDispatchThread.run(EventDispatchThread.java:82)
Caused by: oracle.net.ns.NetException: The Network Adapter could not establish the connection
	at oracle.net.nt.ConnStrategy.execute(ConnStrategy.java:523)
	at oracle.net.resolver.AddrResolution.resolveAndExecute(AddrResolution.java:521)
	at oracle.net.ns.NSProtocol.establishConnection(NSProtocol.java:660)
	at oracle.net.ns.NSProtocol.connect(NSProtocol.java:286)
	at oracle.jdbc.driver.T4CConnection.connect(T4CConnection.java:1438)
	at oracle.jdbc.driver.T4CConnection.logon(T4CConnection.java:518)
	... 48 more
Caused by: java.io.IOException: Network is unreachable: connect, socket connect lapse 0 ms. /192.168.0.45 1521 0 1 true
	at oracle.net.nt.TcpNTAdapter.connect(TcpNTAdapter.java:209)
	at oracle.net.nt.ConnOption.connect(ConnOption.java:161)
	at oracle.net.nt.ConnStrategy.execute(ConnStrategy.java:470)
	... 53 more
Caused by: java.net.SocketException: Network is unreachable: connect
	at sun.nio.ch.Net.connect0(Native Method)
	at sun.nio.ch.Net.connect(Net.java:454)
	at sun.nio.ch.Net.connect(Net.java:446)
	at sun.nio.ch.SocketChannelImpl.connect(SocketChannelImpl.java:648)
	at java.nio.channels.SocketChannel.open(SocketChannel.java:189)
	at oracle.net.nt.TimeoutSocketChannel.<init>(TimeoutSocketChannel.java:81)
	at oracle.net.nt.TcpNTAdapter.connect(TcpNTAdapter.java:169)
	... 55 more
15:53:37,288 ERROR ExtracaoDAO:51 - Erro ao conectar com o Banco de Dados (ORACLE).
java.sql.SQLRecoverableException: Erro de ES: The Network Adapter could not establish the connection
	at oracle.jdbc.driver.T4CConnection.logon(T4CConnection.java:774)
	at oracle.jdbc.driver.PhysicalConnection.connect(PhysicalConnection.java:688)
	at oracle.jdbc.driver.T4CDriverExtension.getConnection(T4CDriverExtension.java:39)
	at oracle.jdbc.driver.OracleDriver.connect(OracleDriver.java:691)
	at java.sql.DriverManager.getConnection(DriverManager.java:664)
	at java.sql.DriverManager.getConnection(DriverManager.java:247)
	at br.com.martinello.bd.matriz.model.dao.Conexao.getConnection(Conexao.java:48)
	at br.com.martinello.bd.matriz.model.dao.UsuarioLoginDAO.UsuarioLogin(UsuarioLoginDAO.java:54)
	at br.com.martinello.bd.matriz.control.UsuarioController.login(UsuarioController.java:58)
	at br.com.martinello.sistema.view.TelaLogin.jlEntrarActionPerformed(TelaLogin.java:149)
	at br.com.martinello.sistema.view.TelaLogin.access$000(TelaLogin.java:30)
	at br.com.martinello.sistema.view.TelaLogin$1.actionPerformed(TelaLogin.java:78)
	at javax.swing.AbstractButton.fireActionPerformed(AbstractButton.java:2022)
	at javax.swing.AbstractButton$Handler.actionPerformed(AbstractButton.java:2348)
	at javax.swing.DefaultButtonModel.fireActionPerformed(DefaultButtonModel.java:402)
	at javax.swing.DefaultButtonModel.setPressed(DefaultButtonModel.java:259)
	at javax.swing.plaf.basic.BasicButtonListener.mouseReleased(BasicButtonListener.java:252)
	at com.jtattoo.plaf.BaseButtonListener.mouseReleased(BaseButtonListener.java:60)
	at java.awt.Component.processMouseEvent(Component.java:6539)
	at javax.swing.JComponent.processMouseEvent(JComponent.java:3324)
	at java.awt.Component.processEvent(Component.java:6304)
	at java.awt.Container.processEvent(Container.java:2239)
	at java.awt.Component.dispatchEventImpl(Component.java:4889)
	at java.awt.Container.dispatchEventImpl(Container.java:2297)
	at java.awt.Component.dispatchEvent(Component.java:4711)
	at java.awt.LightweightDispatcher.retargetMouseEvent(Container.java:4904)
	at java.awt.LightweightDispatcher.processMouseEvent(Container.java:4535)
	at java.awt.LightweightDispatcher.dispatchEvent(Container.java:4476)
	at java.awt.Container.dispatchEventImpl(Container.java:2283)
	at java.awt.Window.dispatchEventImpl(Window.java:2746)
	at java.awt.Component.dispatchEvent(Component.java:4711)
	at java.awt.EventQueue.dispatchEventImpl(EventQueue.java:760)
	at java.awt.EventQueue.access$500(EventQueue.java:97)
	at java.awt.EventQueue$3.run(EventQueue.java:709)
	at java.awt.EventQueue$3.run(EventQueue.java:703)
	at java.security.AccessController.doPrivileged(Native Method)
	at java.security.ProtectionDomain$JavaSecurityAccessImpl.doIntersectionPrivilege(ProtectionDomain.java:74)
	at java.security.ProtectionDomain$JavaSecurityAccessImpl.doIntersectionPrivilege(ProtectionDomain.java:84)
	at java.awt.EventQueue$4.run(EventQueue.java:733)
	at java.awt.EventQueue$4.run(EventQueue.java:731)
	at java.security.AccessController.doPrivileged(Native Method)
	at java.security.ProtectionDomain$JavaSecurityAccessImpl.doIntersectionPrivilege(ProtectionDomain.java:74)
	at java.awt.EventQueue.dispatchEvent(EventQueue.java:730)
	at java.awt.EventDispatchThread.pumpOneEventForFilters(EventDispatchThread.java:205)
	at java.awt.EventDispatchThread.pumpEventsForFilter(EventDispatchThread.java:116)
	at java.awt.EventDispatchThread.pumpEventsForHierarchy(EventDispatchThread.java:105)
	at java.awt.EventDispatchThread.pumpEvents(EventDispatchThread.java:101)
	at java.awt.EventDispatchThread.pumpEvents(EventDispatchThread.java:93)
	at java.awt.EventDispatchThread.run(EventDispatchThread.java:82)
Caused by: oracle.net.ns.NetException: The Network Adapter could not establish the connection
	at oracle.net.nt.ConnStrategy.execute(ConnStrategy.java:523)
	at oracle.net.resolver.AddrResolution.resolveAndExecute(AddrResolution.java:521)
	at oracle.net.ns.NSProtocol.establishConnection(NSProtocol.java:660)
	at oracle.net.ns.NSProtocol.connect(NSProtocol.java:286)
	at oracle.jdbc.driver.T4CConnection.connect(T4CConnection.java:1438)
	at oracle.jdbc.driver.T4CConnection.logon(T4CConnection.java:518)
	... 48 more
Caused by: java.io.IOException: Network is unreachable: connect, socket connect lapse 0 ms. /192.168.0.45 1521 0 1 true
	at oracle.net.nt.TcpNTAdapter.connect(TcpNTAdapter.java:209)
	at oracle.net.nt.ConnOption.connect(ConnOption.java:161)
	at oracle.net.nt.ConnStrategy.execute(ConnStrategy.java:470)
	... 53 more
Caused by: java.net.SocketException: Network is unreachable: connect
	at sun.nio.ch.Net.connect0(Native Method)
	at sun.nio.ch.Net.connect(Net.java:454)
	at sun.nio.ch.Net.connect(Net.java:446)
	at sun.nio.ch.SocketChannelImpl.connect(SocketChannelImpl.java:648)
	at java.nio.channels.SocketChannel.open(SocketChannel.java:189)
	at oracle.net.nt.TimeoutSocketChannel.<init>(TimeoutSocketChannel.java:81)
	at oracle.net.nt.TcpNTAdapter.connect(TcpNTAdapter.java:169)
	... 55 more
